#
# A fatal error has been detected by the Java Runtime Environment:
#
#  EXCEPTION_ACCESS_VIOLATION (0xc0000005) at pc=0x00007ffd498834c2, pid=1568, tid=8232
#
# JRE version: Java(TM) SE Runtime Environment (9.0+11) (build 9.0.4+11)
# Java VM: Java HotSpot(TM) 64-Bit Server VM (9.0.4+11, mixed mode, tiered, compressed oops, g1 gc, windows-amd64)
# Problematic frame:
# C  [librdi_simdata.dll+0x834c2]
#
# No core dump will be written. Minidumps are not enabled by default on client versions of Windows
#
# If you would like to submit a bug report, please visit:
#   http://bugreport.java.com/bugreport/crash.jsp
# The crash happened outside the Java Virtual Machine in native code.
# See problematic frame for where to report the bug.
#

---------------  S U M M A R Y ------------

Command Line: -Dsun.java2d.pmoffscreen=false -Dsun.java2d.xrender=false -Dsun.java2d.d3d=false -Dsun.awt.nopixfmt=true -Dsun.java2d.dpiaware=true -Dsun.java2d.uiScale.enabled=false -Xverify:none -Dswing.aatext=true -XX:-UsePerfData -Djdk.map.althashing.threshold=512 -XX:StringTableSize=4072 --add-opens=java.base/java.nio=ALL-UNNAMED --add-opens=java.desktop/sun.swing=ALL-UNNAMED --add-opens=java.desktop/javax.swing=ALL-UNNAMED --add-opens=java.desktop/javax.swing.tree=ALL-UNNAMED --add-opens=java.desktop/javax.swing.plaf.basic=ALL-UNNAMED --add-opens=java.desktop/javax.swing.plaf.synth=ALL-UNNAMED --add-opens=java.desktop/com.sun.awt=ALL-UNNAMED -XX:NewSize=60m -XX:MaxNewSize=60m -Xms128m -Xmx3072m -Xss5m 

Host: Intel(R) Core(TM) i7-4710HQ CPU @ 2.50GHz, 8 cores, 15G,  Windows 10 , 64 bit Build 18362 (10.0.18362.329)
Time: Thu Dec 26 04:42:58 2019 Türkiye Standart Saati elapsed time: 8394 seconds (0d 2h 19m 54s)

---------------  T H R E A D  ---------------

Current thread (0x0000029d5af82800):  JavaThread "AWT-EventQueue-1" [_thread_in_native, id=8232, stack(0x000000fbd1400000,0x000000fbd1900000)]

Stack: [0x000000fbd1400000,0x000000fbd1900000],  sp=0x000000fbd18fa440,  free space=5097k
Native frames: (J=compiled Java code, j=interpreted, Vv=VM code, C=native code)
C  [librdi_simdata.dll+0x834c2]
C  [librdi_simdata.dll+0x7a742]
C  0x00007ffd466cb50e
C  0x00007ffd466ca720
C  0x00007ffd466ca7d3
C  0x00007ffd466ca5ae
C  0x00007ffd466cb203
C  [librdi_simdata.dll+0x49111]
C  [librdi_simdata.dll+0x9d23e]
C  0x0000029d4387921c

Java frames: (J=compiled Java code, j=interpreted, Vv=VM code)
j  ui.views.simulator.executive.simulationi.SimulationExecutive_getTreeWindowData(JILjava/lang/String;)Ljava/lang/String;+0
j  ui.views.O.c.a.a(Lui/views/O/j/f;Z)Lui/views/waveform/executive/protobuf/WVTree$WVTreeMessage;+16
J 25210 c1 ui.views.O.i.f.load()V (107 bytes) @ 0x0000029d447f73ac [0x0000029d447f6be0+0x00000000000007cc]
J 25209 c1 ui.views.O.i.p.gdh()V (19 bytes) @ 0x0000029d4477e464 [0x0000029d4477e360+0x0000000000000104]
j  ui.views.O.h.e.a(Lui/frmwork/b/i;)V+124
J 17429 c2 ui.frmwork.HTclEventBroker.i(JZ)V (471 bytes) @ 0x0000029d4c2c1410 [0x0000029d4c2bfba0+0x0000000000001870]
J 23357 c2 ui.frmwork.HTclEventBroker.fireTclEvent(J)I (113 bytes) @ 0x0000029d4c269128 [0x0000029d4c2689e0+0x0000000000000748]
v  ~StubRoutines::call_stub
j  ui.views.simulator.executive.simulationi.SimulationExecutive_setTreeWindowTreeHeight(JII)V+0
j  ui.views.O.c.a.b(Lui/views/O/j/f;I)V+17
j  ui.views.O.i.f.gew()V+69
j  ui.views.O.i.i.componentResized(Ljava/awt/event/ComponentEvent;)V+4
J 19682 c2 java.awt.Component.processComponentEvent(Ljava/awt/event/ComponentEvent;)V java.desktop@9.0.4 (82 bytes) @ 0x0000029d4c5c4d0c [0x0000029d4c5c4ca0+0x000000000000006c]
J 12869 c2 java.awt.Container.processEvent(Ljava/awt/AWTEvent;)V java.desktop@9.0.4 (22 bytes) @ 0x0000029d4bdad1e8 [0x0000029d4bdad020+0x00000000000001c8]
J 23368 c2 java.awt.Component.dispatchEventImpl(Ljava/awt/AWTEvent;)V java.desktop@9.0.4 (739 bytes) @ 0x0000029d4c361754 [0x0000029d4c3605a0+0x00000000000011b4]
J 23938 c2 java.awt.Container.dispatchEventImpl(Ljava/awt/AWTEvent;)V java.desktop@9.0.4 (129 bytes) @ 0x0000029d4ca7099c [0x0000029d4ca70800+0x000000000000019c]
J 15019 c2 java.awt.EventQueue$3.run()Ljava/lang/Object; java.desktop@9.0.4 (5 bytes) @ 0x0000029d4bfda6d4 [0x0000029d4bfda520+0x00000000000001b4]
v  ~StubRoutines::call_stub
J 3779  java.security.AccessController.doPrivileged(Ljava/security/PrivilegedAction;Ljava/security/AccessControlContext;)Ljava/lang/Object; java.base@9.0.4 (0 bytes) @ 0x0000029d4b552646 [0x0000029d4b5525e0+0x0000000000000066]
J 17843 c2 java.awt.EventQueue$4.run()Ljava/lang/Object; java.desktop@9.0.4 (5 bytes) @ 0x0000029d4bac7940 [0x0000029d4bac76e0+0x0000000000000260]
v  ~StubRoutines::call_stub
J 3779  java.security.AccessController.doPrivileged(Ljava/security/PrivilegedAction;Ljava/security/AccessControlContext;)Ljava/lang/Object; java.base@9.0.4 (0 bytes) @ 0x0000029d4b552646 [0x0000029d4b5525e0+0x0000000000000066]
J 14735 c2 ui.frmwork.b.d.dispatchEvent(Ljava/awt/AWTEvent;)V (34 bytes) @ 0x0000029d4bf4b754 [0x0000029d4bf4b100+0x0000000000000654]
J 24584 c2 java.awt.EventDispatchThread.pumpOneEventForFilters(I)V java.desktop@9.0.4 (218 bytes) @ 0x0000029d4c51347c [0x0000029d4c513000+0x000000000000047c]
J 21529% c2 java.awt.EventDispatchThread.pumpEventsForFilter(ILjava/awt/Conditional;Ljava/awt/EventFilter;)V java.desktop@9.0.4 (47 bytes) @ 0x0000029d4b57bed8 [0x0000029d4b57bdc0+0x0000000000000118]
j  java.awt.EventDispatchThread.pumpEventsForHierarchy(ILjava/awt/Conditional;Ljava/awt/Component;)V+11 java.desktop@9.0.4
j  java.awt.EventDispatchThread.pumpEvents(ILjava/awt/Conditional;)V+4 java.desktop@9.0.4
j  java.awt.EventDispatchThread.pumpEvents(Ljava/awt/Conditional;)V+3 java.desktop@9.0.4
j  java.awt.EventDispatchThread.run()V+9 java.desktop@9.0.4
v  ~StubRoutines::call_stub

siginfo: EXCEPTION_ACCESS_VIOLATION (0xc0000005), reading address 0x0000000000000008


Register to memory mapping:

RIP=0x00007ffd498834c2 librdi_simdata.dll
RAX=0x0000000000000000 is an unknown value
RBX=0x0000029d728a0740 is an unknown value
RCX=0x0000029d728a0760 is an unknown value
RDX=0x0000000000000000 is an unknown value
RSP=0x000000fbd18fa440 is pointing into the stack for thread: 0x0000029d5af82800
RBP=0x000000fbd18fa560 is pointing into the stack for thread: 0x0000029d5af82800
RSI=0x000000fbd18fa6a0 is pointing into the stack for thread: 0x0000029d5af82800
RDI=0x000000fbd18fa808 is pointing into the stack for thread: 0x0000029d5af82800
R8 =0x00000000000002e1 is an unknown value
R9 =0x0000000000000040 is an unknown value
R10=0x00000000000002c0 is an unknown value
R11=0x000000fbd18fa3f0 is pointing into the stack for thread: 0x0000029d5af82800
R12=0x000000fbd18fa930 is pointing into the stack for thread: 0x0000029d5af82800
R13=0x0000000000000000 is an unknown value
R14=0x000000fbd18fa808 is pointing into the stack for thread: 0x0000029d5af82800
R15=0x0000000000000196 is an unknown value


Registers:
RAX=0x0000000000000000, RBX=0x0000029d728a0740, RCX=0x0000029d728a0760, RDX=0x0000000000000000
RSP=0x000000fbd18fa440, RBP=0x000000fbd18fa560, RSI=0x000000fbd18fa6a0, RDI=0x000000fbd18fa808
R8 =0x00000000000002e1, R9 =0x0000000000000040, R10=0x00000000000002c0, R11=0x000000fbd18fa3f0
R12=0x000000fbd18fa930, R13=0x0000000000000000, R14=0x000000fbd18fa808, R15=0x0000000000000196
RIP=0x00007ffd498834c2, EFLAGS=0x0000000000010202

Top of Stack: (sp=0x000000fbd18fa440)
0x000000fbd18fa440:   000000fbd18fa808 00007ffd49937295
0x000000fbd18fa450:   0000000000000038 000000fbd18fa808
0x000000fbd18fa460:   fffffffffffffffe 000000fbd18fa6a0
0x000000fbd18fa470:   0000000000000000 00007ffd4987a742
0x000000fbd18fa480:   0000029d728a0740 0000000000000000
0x000000fbd18fa490:   000000fbd18fa6a0 00007ffd498837d4
0x000000fbd18fa4a0:   0000000000000000 000000fbd18fa930
0x000000fbd18fa4b0:   fffffffffffffffe 00007ffdc53dfc11
0x000000fbd18fa4c0:   0000029d74ce8d20 00007ffd466cb50e
0x000000fbd18fa4d0:   0000029d7289ff40 0000029d728a0740
0x000000fbd18fa4e0:   0000000000000000 000000fbd18fa930
0x000000fbd18fa4f0:   0000000000000000 00007ffd466ca720
0x000000fbd18fa500:   000000fbd18fa6a0 0000000000000001
0x000000fbd18fa510:   0000029d7289ff40 00007ffd498834e7
0x000000fbd18fa520:   0000029d7289ff60 0000029d7289ff40
0x000000fbd18fa530:   0000000000000000 000000fbd18fa808 

Instructions: (pc=0x00007ffd498834c2)
0x00007ffd498834a2:   48 89 41 08 48 89 41 10 48 89 41 18 48 83 c1 20
0x00007ffd498834b2:   48 89 01 48 89 41 08 48 89 41 10 48 3b da 74 26
0x00007ffd498834c2:   48 8b 42 08 48 89 43 08 8b 42 10 89 43 10 8b 42
0x00007ffd498834d2:   14 89 43 14 48 8b 42 18 48 89 43 18 48 83 c2 20 



---------------  P R O C E S S  ---------------

Java Threads: ( => current thread )
  0x0000029d6b8ce000 JavaThread "Relaunch Simulation" [_thread_blocked, id=8140, stack(0x000000fbd6c00000,0x000000fbd7100000)]
  0x0000029d3c757000 JavaThread "Monitor File Timestamp Swing Worker" [_thread_blocked, id=13564, stack(0x000000fbd6700000,0x000000fbd6c00000)]
  0x0000029d3c75c000 JavaThread "Timer-3" [_thread_blocked, id=13276, stack(0x000000fbd6200000,0x000000fbd6700000)]
  0x0000029d6b8cc800 JavaThread "Swing-Shell" daemon [_thread_blocked, id=11420, stack(0x000000fbd4500000,0x000000fbd4a00000)]
  0x0000029d6b8d0800 JavaThread "Monitor File Timestamp Swing Worker" [_thread_blocked, id=9320, stack(0x000000fbd5800000,0x000000fbd5d00000)]
  0x0000029d6b8c6000 JavaThread "Timer-2" [_thread_blocked, id=9508, stack(0x000000fbd5300000,0x000000fbd5800000)]
  0x0000029d6b8d2000 JavaThread "Image Animator 0" daemon [_thread_blocked, id=1200, stack(0x000000fbd5d00000,0x000000fbd6200000)]
  0x0000029d6b8cb000 JavaThread "SyntheticaAnimation 50" daemon [_thread_blocked, id=3900, stack(0x000000fbd3f00000,0x000000fbd4400000)]
  0x0000029d6b8c9800 JavaThread "Update Runs Swing Worker" [_thread_in_native, id=12776, stack(0x000000fbd4e00000,0x000000fbd5300000)]
  0x0000029d6b8ca800 JavaThread "hw_ila_monitor" [_thread_blocked, id=13236, stack(0x000000fbd3a00000,0x000000fbd3f00000)]
  0x0000029d6b8c5000 JavaThread "Refresh Filesets Swing Worker" [_thread_blocked, id=2144, stack(0x000000fbd3500000,0x000000fbd3a00000)]
  0x0000029d3c75b800 JavaThread "SyntheticaAnimation 70" daemon [_thread_blocked, id=9824, stack(0x000000fbd1900000,0x000000fbd1e00000)]
  0x0000029d3c75a800 JavaThread "SyntheticaAnimation 25" daemon [_thread_blocked, id=13008, stack(0x000000fbd3000000,0x000000fbd3500000)]
  0x0000029d3c759000 JavaThread "SyntheticaAnimation 50" daemon [_thread_blocked, id=11460, stack(0x000000fbd2b00000,0x000000fbd3000000)]
  0x0000029d3c758800 JavaThread "Monitor HEventQueue" [_thread_blocked, id=3776, stack(0x000000fbd2600000,0x000000fbd2b00000)]
  0x0000029d3c75a000 JavaThread "SyntheticaCleanerThread" daemon [_thread_blocked, id=4036, stack(0x000000fbd1e00000,0x000000fbd2300000)]
  0x0000029d3c756000 JavaThread "Batik CleanerThread" daemon [_thread_blocked, id=9224, stack(0x000000fbd0a00000,0x000000fbd0f00000)]
=>0x0000029d5af82800 JavaThread "AWT-EventQueue-1" [_thread_in_native, id=8232, stack(0x000000fbd1400000,0x000000fbd1900000)]
  0x0000029d5a91e800 JavaThread "Process Messages" [_thread_blocked, id=2388, stack(0x000000fbd0f00000,0x000000fbd1400000)]
  0x0000029d5a908000 JavaThread "Thread-1" [_thread_in_native, id=12800, stack(0x000000fbc9d00000,0x000000fbcb100000)]
  0x0000029d5abed000 JavaThread "TimerQueue" daemon [_thread_blocked, id=8396, stack(0x000000fbd0000000,0x000000fbd0500000)]
  0x0000029d384b9800 JavaThread "AWT-Windows" daemon [_thread_in_native, id=12292, stack(0x000000fbcfb00000,0x000000fbd0000000)]
  0x0000029d384b8800 JavaThread "AWT-Shutdown" [_thread_blocked, id=3648, stack(0x000000fbcf600000,0x000000fbcfb00000)]
  0x0000029d382b3800 JavaThread "Java2D Disposer" daemon [_thread_blocked, id=2284, stack(0x000000fbcf100000,0x000000fbcf600000)]
  0x0000029d3cc8f000 JavaThread "Service Thread" daemon [_thread_blocked, id=4352, stack(0x000000fbceb00000,0x000000fbcf000000)]
  0x0000029d37d3c000 JavaThread "Common-Cleaner" daemon [_thread_blocked, id=6048, stack(0x000000fbce600000,0x000000fbceb00000)]
  0x0000029d3c755800 JavaThread "Sweeper thread" daemon [_thread_blocked, id=11132, stack(0x000000fbce100000,0x000000fbce600000)]
  0x0000029d37d3a800 JavaThread "C1 CompilerThread3" daemon [_thread_blocked, id=5888, stack(0x000000fbce000000,0x000000fbce100000)]
  0x0000029d30506000 JavaThread "C2 CompilerThread2" daemon [_thread_blocked, id=6444, stack(0x000000fbcdf00000,0x000000fbce000000)]
  0x0000029d30505800 JavaThread "C2 CompilerThread1" daemon [_thread_blocked, id=12856, stack(0x000000fbcde00000,0x000000fbcdf00000)]
  0x0000029d37053000 JavaThread "C2 CompilerThread0" daemon [_thread_blocked, id=7972, stack(0x000000fbcdd00000,0x000000fbcde00000)]
  0x0000029d323b5000 JavaThread "Attach Listener" daemon [_thread_blocked, id=13468, stack(0x000000fbcd800000,0x000000fbcdd00000)]
  0x0000029d36bde800 JavaThread "Signal Dispatcher" daemon [_thread_blocked, id=13716, stack(0x000000fbcd300000,0x000000fbcd800000)]
  0x0000029d3c5c8800 JavaThread "Finalizer" daemon [_thread_blocked, id=368, stack(0x000000fbcce00000,0x000000fbcd300000)]
  0x0000029d3c5c7800 JavaThread "Reference Handler" daemon [_thread_blocked, id=6160, stack(0x000000fbcc900000,0x000000fbcce00000)]
  0x0000029d3cbda800 JavaThread "main" [_thread_blocked, id=12916, stack(0x000000fbc9c00000,0x000000fbc9d00000)]

Other Threads:
  0x0000029d356be800 VMThread "VM Thread" [stack: 0x000000fbcc800000,0x000000fbcc900000] [id=9336]
  0x0000029d37f74800 WatcherThread [stack: 0x000000fbcf000000,0x000000fbcf100000] [id=5760]
  0x0000029d37594800 GCTaskThread "GC Thread#0" [stack: 0x000000fbcb400000,0x000000fbcb500000] [id=6656]
  0x0000029d356da800 GCTaskThread "GC Thread#1" [stack: 0x000000fbcb500000,0x000000fbcb600000] [id=10504]
  0x0000029d3cbee800 GCTaskThread "GC Thread#2" [stack: 0x000000fbcb600000,0x000000fbcb700000] [id=8804]
  0x0000029d358db800 GCTaskThread "GC Thread#3" [stack: 0x000000fbcb700000,0x000000fbcb800000] [id=3596]
  0x0000029d357a8000 GCTaskThread "GC Thread#4" [stack: 0x000000fbcb800000,0x000000fbcb900000] [id=11056]
  0x0000029d3c803000 GCTaskThread "GC Thread#5" [stack: 0x000000fbcb900000,0x000000fbcba00000] [id=13200]
  0x0000029d3c33e000 GCTaskThread "GC Thread#6" [stack: 0x000000fbcba00000,0x000000fbcbb00000] [id=11532]
  0x0000029d3c496800 GCTaskThread "GC Thread#7" [stack: 0x000000fbcbb00000,0x000000fbcbc00000] [id=5432]
  0x0000029d3bf42800 ConcurrentGCThread "G1 Main Marker" [stack: 0x000000fbcc500000,0x000000fbcc600000] [id=5372]
  0x0000029d3bf43000 ConcurrentGCThread "G1 Marker#0" [stack: 0x000000fbcc600000,0x000000fbcc700000] [id=4440]
  0x0000029d3bf43800 ConcurrentGCThread "G1 Marker#1" [stack: 0x000000fbcc700000,0x000000fbcc800000] [id=13064]
  0x0000029d3cd1e000 ConcurrentGCThread "G1 Refine#0" [stack: 0x000000fbcc300000,0x000000fbcc400000] [id=7640]
  0x0000029d3cd1d800 ConcurrentGCThread "G1 Refine#1" [stack: 0x000000fbcc200000,0x000000fbcc300000] [id=13608]
  0x0000029d339e8000 ConcurrentGCThread "G1 Refine#2" [stack: 0x000000fbcc100000,0x000000fbcc200000] [id=12496]
  0x0000029d339e7800 ConcurrentGCThread "G1 Refine#3" [stack: 0x000000fbcc000000,0x000000fbcc100000] [id=13056]
  0x0000029d359f4000 ConcurrentGCThread "G1 Refine#4" [stack: 0x000000fbcbf00000,0x000000fbcc000000] [id=1812]
  0x0000029d359f3800 ConcurrentGCThread "G1 Refine#5" [stack: 0x000000fbcbe00000,0x000000fbcbf00000] [id=6156]
  0x0000029d377c0000 ConcurrentGCThread "G1 Refine#6" [stack: 0x000000fbcbd00000,0x000000fbcbe00000] [id=13044]
  0x0000029d357d4000 ConcurrentGCThread "G1 Refine#7" [stack: 0x000000fbcbc00000,0x000000fbcbd00000] [id=4116]
  0x0000029d3cd05800 ConcurrentGCThread "G1 Young RemSet Sampling" [stack: 0x000000fbcc400000,0x000000fbcc500000] [id=2904]

Threads with active compile tasks:

VM state:not at safepoint (normal execution)

VM Mutex/Monitor currently owned by a thread: None

Heap address: 0x0000000700000000, size: 3072 MB, Compressed Oops mode: Zero based, Oop shift amount: 3
Narrow klass base: 0x0000000000000000, Narrow klass shift: 3
Compressed class space size: 1073741824 Address: 0x00000007c0000000

Heap:
 garbage-first heap   total 238592K, used 91328K [0x0000000700000000, 0x0000000700100748, 0x00000007c0000000)
  region size 1024K, 19 young (19456K), 1 survivors (1024K)
 Metaspace       used 85318K, capacity 87109K, committed 94640K, reserved 1130496K
  class space    used 11025K, capacity 11405K, committed 12976K, reserved 1048576K
Heap Regions: E=young(eden), S=young(survivor), O=old, HS=humongous(starts), HC=humongous(continues), CS=collection set, F=free, A=archive, TS=gc time stamp, AC=allocation context, TAMS=top-at-mark-start (previous, next)
|   0|0x0000000700000000, 0x00000007000ebd50, 0x0000000700100000| 92%| O|  |TS  0|AC  0|TAMS 0x0000000700000000, 0x0000000700000000|
|   1|0x0000000700100000, 0x0000000700200000, 0x0000000700200000|100%|HS|  |TS  0|AC  0|TAMS 0x0000000700100000, 0x0000000700100000|
|   2|0x0000000700200000, 0x0000000700300000, 0x0000000700300000|100%|HC|  |TS  0|AC  0|TAMS 0x0000000700200000, 0x0000000700200000|
|   3|0x0000000700300000, 0x0000000700400000, 0x0000000700400000|100%|HS|  |TS  0|AC  0|TAMS 0x0000000700300000, 0x0000000700300000|
|   4|0x0000000700400000, 0x00000007004f7a88, 0x0000000700500000| 96%| O|  |TS  0|AC  0|TAMS 0x0000000700400000, 0x0000000700400000|
|   5|0x0000000700500000, 0x00000007005eff50, 0x0000000700600000| 93%| O|  |TS  0|AC  0|TAMS 0x0000000700500000, 0x0000000700500000|
|   6|0x0000000700600000, 0x00000007006e93d0, 0x0000000700700000| 91%| O|  |TS  0|AC  0|TAMS 0x0000000700600000, 0x0000000700600000|
|   7|0x0000000700700000, 0x0000000700800000, 0x0000000700800000|100%| O|  |TS  0|AC  0|TAMS 0x0000000700700000, 0x0000000700700000|
|   8|0x0000000700800000, 0x00000007008ffff8, 0x0000000700900000| 99%| O|  |TS  0|AC  0|TAMS 0x0000000700800000, 0x0000000700800000|
|   9|0x0000000700900000, 0x00000007009ffff8, 0x0000000700a00000| 99%| O|  |TS  0|AC  0|TAMS 0x0000000700900000, 0x0000000700900000|
|  10|0x0000000700a00000, 0x0000000700afffe8, 0x0000000700b00000| 99%| O|  |TS  0|AC  0|TAMS 0x0000000700a00000, 0x0000000700a00000|
|  11|0x0000000700b00000, 0x0000000700bf67f8, 0x0000000700c00000| 96%| O|  |TS  0|AC  0|TAMS 0x0000000700b00000, 0x0000000700b00000|
|  12|0x0000000700c00000, 0x0000000700cf80e0, 0x0000000700d00000| 96%| O|  |TS  0|AC  0|TAMS 0x0000000700c00000, 0x0000000700c00000|
|  13|0x0000000700d00000, 0x0000000700dfd6d0, 0x0000000700e00000| 98%| O|  |TS  0|AC  0|TAMS 0x0000000700d00000, 0x0000000700d00000|
|  14|0x0000000700e00000, 0x0000000700ef5c50, 0x0000000700f00000| 96%| O|  |TS  0|AC  0|TAMS 0x0000000700e00000, 0x0000000700e00000|
|  15|0x0000000700f00000, 0x0000000700ffffe8, 0x0000000701000000| 99%| O|  |TS  0|AC  0|TAMS 0x0000000700f00000, 0x0000000700f00000|
|  16|0x0000000701000000, 0x00000007010fffd8, 0x0000000701100000| 99%| O|  |TS  0|AC  0|TAMS 0x0000000701000000, 0x0000000701000000|
|  17|0x0000000701100000, 0x00000007011fffb0, 0x0000000701200000| 99%| O|  |TS  0|AC  0|TAMS 0x0000000701100000, 0x0000000701100000|
|  18|0x0000000701200000, 0x00000007012ff570, 0x0000000701300000| 99%| O|  |TS  0|AC  0|TAMS 0x0000000701200000, 0x0000000701200000|
|  19|0x0000000701300000, 0x00000007013ffff0, 0x0000000701400000| 99%| O|  |TS  0|AC  0|TAMS 0x0000000701300000, 0x0000000701300000|
|  20|0x0000000701400000, 0x0000000701500000, 0x0000000701500000|100%|HS|  |TS  0|AC  0|TAMS 0x0000000701400000, 0x0000000701400000|
|  21|0x0000000701500000, 0x00000007015ffff8, 0x0000000701600000| 99%| O|  |TS  0|AC  0|TAMS 0x0000000701500000, 0x0000000701500000|
|  22|0x0000000701600000, 0x0000000701700000, 0x0000000701700000|100%| O|  |TS  0|AC  0|TAMS 0x0000000701600000, 0x0000000701600000|
|  23|0x0000000701700000, 0x0000000701800000, 0x0000000701800000|100%| O|  |TS  0|AC  0|TAMS 0x0000000701700000, 0x0000000701700000|
|  24|0x0000000701800000, 0x00000007018fffe8, 0x0000000701900000| 99%| O|  |TS  0|AC  0|TAMS 0x0000000701800000, 0x0000000701800000|
|  25|0x0000000701900000, 0x00000007019fffd8, 0x0000000701a00000| 99%| O|  |TS  0|AC  0|TAMS 0x0000000701900000, 0x0000000701900000|
|  26|0x0000000701a00000, 0x0000000701af35e8, 0x0000000701b00000| 95%| O|  |TS  0|AC  0|TAMS 0x0000000701a00000, 0x0000000701a00000|
|  27|0x0000000701b00000, 0x0000000701bffff0, 0x0000000701c00000| 99%| O|  |TS  0|AC  0|TAMS 0x0000000701b00000, 0x0000000701b00000|
|  28|0x0000000701c00000, 0x0000000701cfffb8, 0x0000000701d00000| 99%| O|  |TS  0|AC  0|TAMS 0x0000000701c00000, 0x0000000701c00000|
|  29|0x0000000701d00000, 0x0000000701dfffe8, 0x0000000701e00000| 99%| O|  |TS  0|AC  0|TAMS 0x0000000701d00000, 0x0000000701d00000|
|  30|0x0000000701e00000, 0x0000000701efffe8, 0x0000000701f00000| 99%| O|  |TS  0|AC  0|TAMS 0x0000000701e00000, 0x0000000701e00000|
|  31|0x0000000701f00000, 0x0000000701fa50f8, 0x0000000702000000| 64%| O|  |TS  0|AC  0|TAMS 0x0000000701f00000, 0x0000000701f00000|
|  32|0x0000000702000000, 0x00000007020fffc8, 0x0000000702100000| 99%| O|  |TS  0|AC  0|TAMS 0x0000000702000000, 0x0000000702000000|
|  33|0x0000000702100000, 0x00000007021fffe0, 0x0000000702200000| 99%| O|  |TS  0|AC  0|TAMS 0x0000000702100000, 0x0000000702100000|
|  34|0x0000000702200000, 0x00000007022ec7d0, 0x0000000702300000| 92%| O|  |TS  0|AC  0|TAMS 0x0000000702200000, 0x0000000702200000|
|  35|0x0000000702300000, 0x00000007023fffb8, 0x0000000702400000| 99%| O|  |TS  0|AC  0|TAMS 0x0000000702300000, 0x0000000702300000|
|  36|0x0000000702400000, 0x00000007024fffe8, 0x0000000702500000| 99%| O|  |TS  0|AC  0|TAMS 0x0000000702400000, 0x0000000702400000|
|  37|0x0000000702500000, 0x00000007025fffe8, 0x0000000702600000| 99%| O|  |TS  0|AC  0|TAMS 0x0000000702500000, 0x0000000702500000|
|  38|0x0000000702600000, 0x00000007026fffe0, 0x0000000702700000| 99%| O|  |TS  0|AC  0|TAMS 0x0000000702600000, 0x0000000702600000|
|  39|0x0000000702700000, 0x00000007027e7ef8, 0x0000000702800000| 90%| O|  |TS  0|AC  0|TAMS 0x0000000702700000, 0x0000000702700000|
|  40|0x0000000702800000, 0x00000007028ffff0, 0x0000000702900000| 99%| O|  |TS  0|AC  0|TAMS 0x0000000702800000, 0x0000000702800000|
|  41|0x0000000702900000, 0x00000007029fd618, 0x0000000702a00000| 98%| O|  |TS  0|AC  0|TAMS 0x0000000702900000, 0x0000000702900000|
|  42|0x0000000702a00000, 0x0000000702b00000, 0x0000000702b00000|100%| O|  |TS  0|AC  0|TAMS 0x0000000702a00000, 0x0000000702a00000|
|  43|0x0000000702b00000, 0x0000000702bfd748, 0x0000000702c00000| 99%| O|  |TS  0|AC  0|TAMS 0x0000000702b00000, 0x0000000702b00000|
|  44|0x0000000702c00000, 0x0000000702cfffd0, 0x0000000702d00000| 99%| O|  |TS  0|AC  0|TAMS 0x0000000702c00000, 0x0000000702c00000|
|  45|0x0000000702d00000, 0x0000000702dffff0, 0x0000000702e00000| 99%| O|  |TS  0|AC  0|TAMS 0x0000000702d00000, 0x0000000702d00000|
|  46|0x0000000702e00000, 0x0000000702eff938, 0x0000000702f00000| 99%| O|  |TS  0|AC  0|TAMS 0x0000000702e00000, 0x0000000702e00000|
|  47|0x0000000702f00000, 0x0000000702fffff0, 0x0000000703000000| 99%| O|  |TS  0|AC  0|TAMS 0x0000000702f00000, 0x0000000702f00000|
|  48|0x0000000703000000, 0x00000007030fff78, 0x0000000703100000| 99%| O|  |TS  0|AC  0|TAMS 0x0000000703000000, 0x0000000703000000|
|  49|0x0000000703100000, 0x00000007031ffee0, 0x0000000703200000| 99%| O|  |TS  0|AC  0|TAMS 0x0000000703100000, 0x0000000703100000|
|  50|0x0000000703200000, 0x0000000703300000, 0x0000000703300000|100%| O|  |TS  0|AC  0|TAMS 0x0000000703200000, 0x0000000703200000|
|  51|0x0000000703300000, 0x00000007033ffff8, 0x0000000703400000| 99%| O|  |TS  0|AC  0|TAMS 0x0000000703300000, 0x0000000703300000|
|  52|0x0000000703400000, 0x00000007034ff180, 0x0000000703500000| 99%| O|  |TS  0|AC  0|TAMS 0x0000000703400000, 0x0000000703400000|
|  53|0x0000000703500000, 0x00000007035fffb8, 0x0000000703600000| 99%| O|  |TS  0|AC  0|TAMS 0x0000000703500000, 0x0000000703500000|
|  54|0x0000000703600000, 0x00000007036ffff0, 0x0000000703700000| 99%| O|  |TS  0|AC  0|TAMS 0x0000000703600000, 0x0000000703600000|
|  55|0x0000000703700000, 0x00000007037fffd8, 0x0000000703800000| 99%| O|  |TS  0|AC  0|TAMS 0x0000000703700000, 0x0000000703700000|
|  56|0x0000000703800000, 0x00000007038c3838, 0x0000000703900000| 76%| O|  |TS  0|AC  0|TAMS 0x0000000703800000, 0x0000000703800000|
|  57|0x0000000703900000, 0x0000000703a00000, 0x0000000703a00000|100%|HS|  |TS  0|AC  0|TAMS 0x0000000703900000, 0x0000000703900000|
|  58|0x0000000703a00000, 0x0000000703b00000, 0x0000000703b00000|100%|HC|  |TS  0|AC  0|TAMS 0x0000000703a00000, 0x0000000703a00000|
|  59|0x0000000703b00000, 0x0000000703b00000, 0x0000000703c00000|  0%| F|  |TS  0|AC  0|TAMS 0x0000000703b00000, 0x0000000703b00000|
|  60|0x0000000703c00000, 0x0000000703c00000, 0x0000000703d00000|  0%| F|  |TS  0|AC  0|TAMS 0x0000000703c00000, 0x0000000703c00000|
|  61|0x0000000703d00000, 0x0000000703d00000, 0x0000000703e00000|  0%| F|  |TS  0|AC  0|TAMS 0x0000000703d00000, 0x0000000703d00000|
|  62|0x0000000703e00000, 0x0000000703e00000, 0x0000000703f00000|  0%| F|  |TS  0|AC  0|TAMS 0x0000000703e00000, 0x0000000703e00000|
|  63|0x0000000703f00000, 0x0000000703f00000, 0x0000000704000000|  0%| F|  |TS  0|AC  0|TAMS 0x0000000703f00000, 0x0000000703f00000|
|  64|0x0000000704000000, 0x0000000704100000, 0x0000000704100000|100%|HS|  |TS  0|AC  0|TAMS 0x0000000704000000, 0x0000000704000000|
|  65|0x0000000704100000, 0x0000000704200000, 0x0000000704200000|100%|HC|  |TS  0|AC  0|TAMS 0x0000000704100000, 0x0000000704100000|
|  66|0x0000000704200000, 0x0000000704300000, 0x0000000704300000|100%|HC|  |TS  0|AC  0|TAMS 0x0000000704200000, 0x0000000704200000|
|  67|0x0000000704300000, 0x0000000704400000, 0x0000000704400000|100%|HC|  |TS  0|AC  0|TAMS 0x0000000704300000, 0x0000000704300000|
|  68|0x0000000704400000, 0x0000000704500000, 0x0000000704500000|100%|HC|  |TS  0|AC  0|TAMS 0x0000000704400000, 0x0000000704400000|
|  69|0x0000000704500000, 0x0000000704600000, 0x0000000704600000|100%|HC|  |TS  0|AC  0|TAMS 0x0000000704500000, 0x0000000704500000|
|  70|0x0000000704600000, 0x0000000704600000, 0x0000000704700000|  0%| F|  |TS  0|AC  0|TAMS 0x0000000704600000, 0x0000000704600000|
|  71|0x0000000704700000, 0x0000000704700000, 0x0000000704800000|  0%| F|  |TS  0|AC  0|TAMS 0x0000000704700000, 0x0000000704700000|
|  72|0x0000000704800000, 0x0000000704800000, 0x0000000704900000|  0%| F|  |TS  1|AC  0|TAMS 0x0000000704800000, 0x0000000704800000|
|  73|0x0000000704900000, 0x0000000704900000, 0x0000000704a00000|  0%| F|  |TS  0|AC  0|TAMS 0x0000000704900000, 0x0000000704900000|
|  74|0x0000000704a00000, 0x0000000704a00000, 0x0000000704b00000|  0%| F|  |TS  0|AC  0|TAMS 0x0000000704a00000, 0x0000000704a00000|
|  75|0x0000000704b00000, 0x0000000704b00000, 0x0000000704c00000|  0%| F|  |TS  0|AC  0|TAMS 0x0000000704b00000, 0x0000000704b00000|
|  76|0x0000000704c00000, 0x0000000704c00000, 0x0000000704d00000|  0%| F|  |TS  0|AC  0|TAMS 0x0000000704c00000, 0x0000000704c00000|
|  77|0x0000000704d00000, 0x0000000704d00000, 0x0000000704e00000|  0%| F|  |TS  0|AC  0|TAMS 0x0000000704d00000, 0x0000000704d00000|
|  78|0x0000000704e00000, 0x0000000704e00000, 0x0000000704f00000|  0%| F|  |TS  0|AC  0|TAMS 0x0000000704e00000, 0x0000000704e00000|
|  79|0x0000000704f00000, 0x0000000704f00000, 0x0000000705000000|  0%| F|  |TS  0|AC  0|TAMS 0x0000000704f00000, 0x0000000704f00000|
|  80|0x0000000705000000, 0x0000000705000000, 0x0000000705100000|  0%| F|  |TS  0|AC  0|TAMS 0x0000000705000000, 0x0000000705000000|
|  81|0x0000000705100000, 0x0000000705100000, 0x0000000705200000|  0%| F|  |TS  0|AC  0|TAMS 0x0000000705100000, 0x0000000705100000|
|  82|0x0000000705200000, 0x0000000705200000, 0x0000000705300000|  0%| F|  |TS  0|AC  0|TAMS 0x0000000705200000, 0x0000000705200000|
|  83|0x0000000705300000, 0x0000000705300000, 0x0000000705400000|  0%| F|  |TS  0|AC  0|TAMS 0x0000000705300000, 0x0000000705300000|
|  84|0x0000000705400000, 0x0000000705400000, 0x0000000705500000|  0%| F|  |TS  0|AC  0|TAMS 0x0000000705400000, 0x0000000705400000|
|  85|0x0000000705500000, 0x0000000705600000, 0x0000000705600000|100%|HS|  |TS  0|AC  0|TAMS 0x0000000705500000, 0x0000000705500000|
|  86|0x0000000705600000, 0x0000000705700000, 0x0000000705700000|100%|HC|  |TS  0|AC  0|TAMS 0x0000000705600000, 0x0000000705600000|
|  87|0x0000000705700000, 0x0000000705800000, 0x0000000705800000|100%|HC|  |TS  0|AC  0|TAMS 0x0000000705700000, 0x0000000705700000|
|  88|0x0000000705800000, 0x0000000705900000, 0x0000000705900000|100%|HC|  |TS  0|AC  0|TAMS 0x0000000705800000, 0x0000000705800000|
|  89|0x0000000705900000, 0x0000000705a00000, 0x0000000705a00000|100%|HC|  |TS  0|AC  0|TAMS 0x0000000705900000, 0x0000000705900000|
|  90|0x0000000705a00000, 0x0000000705b00000, 0x0000000705b00000|100%|HC|  |TS  0|AC  0|TAMS 0x0000000705a00000, 0x0000000705a00000|
|  91|0x0000000705b00000, 0x0000000705c00000, 0x0000000705c00000|100%|HC|  |TS  0|AC  0|TAMS 0x0000000705b00000, 0x0000000705b00000|
|  92|0x0000000705c00000, 0x0000000705d00000, 0x0000000705d00000|100%|HC|  |TS  0|AC  0|TAMS 0x0000000705c00000, 0x0000000705c00000|
|  93|0x0000000705d00000, 0x0000000705d00000, 0x0000000705e00000|  0%| F|  |TS  0|AC  0|TAMS 0x0000000705d00000, 0x0000000705d00000|
|  94|0x0000000705e00000, 0x0000000705e00000, 0x0000000705f00000|  0%| F|  |TS  0|AC  0|TAMS 0x0000000705e00000, 0x0000000705e00000|
|  95|0x0000000705f00000, 0x0000000705f00000, 0x0000000706000000|  0%| F|  |TS  0|AC  0|TAMS 0x0000000705f00000, 0x0000000705f00000|
|  96|0x0000000706000000, 0x0000000706000000, 0x0000000706100000|  0%| F|  |TS  0|AC  0|TAMS 0x0000000706000000, 0x0000000706000000|
|  97|0x0000000706100000, 0x0000000706100000, 0x0000000706200000|  0%| F|  |TS  0|AC  0|TAMS 0x0000000706100000, 0x0000000706100000|
|  98|0x0000000706200000, 0x0000000706200000, 0x0000000706300000|  0%| F|  |TS  0|AC  0|TAMS 0x0000000706200000, 0x0000000706200000|
|  99|0x0000000706300000, 0x0000000706300000, 0x0000000706400000|  0%| F|  |TS  0|AC  0|TAMS 0x0000000706300000, 0x0000000706300000|
| 100|0x0000000706400000, 0x0000000706400000, 0x0000000706500000|  0%| F|  |TS  0|AC  0|TAMS 0x0000000706400000, 0x0000000706400000|
| 101|0x0000000706500000, 0x0000000706500000, 0x0000000706600000|  0%| F|  |TS  0|AC  0|TAMS 0x0000000706500000, 0x0000000706500000|
| 102|0x0000000706600000, 0x0000000706600000, 0x0000000706700000|  0%| F|  |TS  0|AC  0|TAMS 0x0000000706600000, 0x0000000706600000|
| 103|0x0000000706700000, 0x0000000706700000, 0x0000000706800000|  0%| F|  |TS  0|AC  0|TAMS 0x0000000706700000, 0x0000000706700000|
| 104|0x0000000706800000, 0x0000000706800000, 0x0000000706900000|  0%| F|  |TS  0|AC  0|TAMS 0x0000000706800000, 0x0000000706800000|
| 105|0x0000000706900000, 0x0000000706900000, 0x0000000706a00000|  0%| F|  |TS  0|AC  0|TAMS 0x0000000706900000, 0x0000000706900000|
| 106|0x0000000706a00000, 0x0000000706a00000, 0x0000000706b00000|  0%| F|  |TS  0|AC  0|TAMS 0x0000000706a00000, 0x0000000706a00000|
| 107|0x0000000706b00000, 0x0000000706b00000, 0x0000000706c00000|  0%| F|  |TS  0|AC  0|TAMS 0x0000000706b00000, 0x0000000706b00000|
| 108|0x0000000706c00000, 0x0000000706c00000, 0x0000000706d00000|  0%| F|  |TS  0|AC  0|TAMS 0x0000000706c00000, 0x0000000706c00000|
| 109|0x0000000706d00000, 0x0000000706d00000, 0x0000000706e00000|  0%| F|  |TS  0|AC  0|TAMS 0x0000000706d00000, 0x0000000706d00000|
| 110|0x0000000706e00000, 0x0000000706e00000, 0x0000000706f00000|  0%| F|  |TS  0|AC  0|TAMS 0x0000000706e00000, 0x0000000706e00000|
| 111|0x0000000706f00000, 0x0000000706f00000, 0x0000000707000000|  0%| F|  |TS  0|AC  0|TAMS 0x0000000706f00000, 0x0000000706f00000|
| 112|0x0000000707000000, 0x0000000707000000, 0x0000000707100000|  0%| F|  |TS  0|AC  0|TAMS 0x0000000707000000, 0x0000000707000000|
| 113|0x0000000707100000, 0x0000000707100000, 0x0000000707200000|  0%| F|  |TS  0|AC  0|TAMS 0x0000000707100000, 0x0000000707100000|
| 114|0x0000000707200000, 0x0000000707200000, 0x0000000707300000|  0%| F|  |TS  0|AC  0|TAMS 0x0000000707200000, 0x0000000707200000|
| 115|0x0000000707300000, 0x0000000707300000, 0x0000000707400000|  0%| F|  |TS  0|AC  0|TAMS 0x0000000707300000, 0x0000000707300000|
| 116|0x0000000707400000, 0x0000000707400000, 0x0000000707500000|  0%| F|  |TS  0|AC  0|TAMS 0x0000000707400000, 0x0000000707400000|
| 117|0x0000000707500000, 0x0000000707500000, 0x0000000707600000|  0%| F|  |TS  0|AC  0|TAMS 0x0000000707500000, 0x0000000707500000|
| 118|0x0000000707600000, 0x0000000707600000, 0x0000000707700000|  0%| F|  |TS  0|AC  0|TAMS 0x0000000707600000, 0x0000000707600000|
| 119|0x0000000707700000, 0x0000000707700000, 0x0000000707800000|  0%| F|  |TS  0|AC  0|TAMS 0x0000000707700000, 0x0000000707700000|
| 120|0x0000000707800000, 0x0000000707800000, 0x0000000707900000|  0%| F|  |TS  0|AC  0|TAMS 0x0000000707800000, 0x0000000707800000|
| 121|0x0000000707900000, 0x0000000707900000, 0x0000000707a00000|  0%| F|  |TS  0|AC  0|TAMS 0x0000000707900000, 0x0000000707900000|
| 122|0x0000000707a00000, 0x0000000707a00000, 0x0000000707b00000|  0%| F|  |TS  0|AC  0|TAMS 0x0000000707a00000, 0x0000000707a00000|
| 123|0x0000000707b00000, 0x0000000707b00000, 0x0000000707c00000|  0%| F|  |TS  0|AC  0|TAMS 0x0000000707b00000, 0x0000000707b00000|
| 124|0x0000000707c00000, 0x0000000707c00000, 0x0000000707d00000|  0%| F|  |TS  0|AC  0|TAMS 0x0000000707c00000, 0x0000000707c00000|
| 125|0x0000000707d00000, 0x0000000707d00000, 0x0000000707e00000|  0%| F|  |TS  0|AC  0|TAMS 0x0000000707d00000, 0x0000000707d00000|
| 126|0x0000000707e00000, 0x0000000707e00000, 0x0000000707f00000|  0%| F|  |TS  0|AC  0|TAMS 0x0000000707e00000, 0x0000000707e00000|
| 127|0x0000000707f00000, 0x0000000707f00000, 0x0000000708000000|  0%| F|  |TS  0|AC  0|TAMS 0x0000000707f00000, 0x0000000707f00000|
| 128|0x0000000708000000, 0x0000000708000000, 0x0000000708100000|  0%| F|  |TS  0|AC  0|TAMS 0x0000000708000000, 0x0000000708000000|
| 129|0x0000000708100000, 0x0000000708100000, 0x0000000708200000|  0%| F|  |TS  0|AC  0|TAMS 0x0000000708100000, 0x0000000708100000|
| 130|0x0000000708200000, 0x0000000708200000, 0x0000000708300000|  0%| F|  |TS  0|AC  0|TAMS 0x0000000708200000, 0x0000000708200000|
| 131|0x0000000708300000, 0x0000000708300000, 0x0000000708400000|  0%| F|  |TS  0|AC  0|TAMS 0x0000000708300000, 0x0000000708300000|
| 132|0x0000000708400000, 0x0000000708400000, 0x0000000708500000|  0%| F|  |TS  0|AC  0|TAMS 0x0000000708400000, 0x0000000708400000|
| 133|0x0000000708500000, 0x0000000708500000, 0x0000000708600000|  0%| F|  |TS  0|AC  0|TAMS 0x0000000708500000, 0x0000000708500000|
| 134|0x0000000708600000, 0x0000000708600000, 0x0000000708700000|  0%| F|  |TS  0|AC  0|TAMS 0x0000000708600000, 0x0000000708600000|
| 135|0x0000000708700000, 0x0000000708700000, 0x0000000708800000|  0%| F|  |TS  0|AC  0|TAMS 0x0000000708700000, 0x0000000708700000|
| 136|0x0000000708800000, 0x0000000708800000, 0x0000000708900000|  0%| F|  |TS  0|AC  0|TAMS 0x0000000708800000, 0x0000000708800000|
| 137|0x0000000708900000, 0x0000000708900000, 0x0000000708a00000|  0%| F|  |TS  0|AC  0|TAMS 0x0000000708900000, 0x0000000708900000|
| 138|0x0000000708a00000, 0x0000000708a00000, 0x0000000708b00000|  0%| F|  |TS  0|AC  0|TAMS 0x0000000708a00000, 0x0000000708a00000|
| 139|0x0000000708b00000, 0x0000000708b00000, 0x0000000708c00000|  0%| F|  |TS  0|AC  0|TAMS 0x0000000708b00000, 0x0000000708b00000|
| 140|0x0000000708c00000, 0x0000000708c00000, 0x0000000708d00000|  0%| F|  |TS  0|AC  0|TAMS 0x0000000708c00000, 0x0000000708c00000|
| 141|0x0000000708d00000, 0x0000000708d00000, 0x0000000708e00000|  0%| F|  |TS  0|AC  0|TAMS 0x0000000708d00000, 0x0000000708d00000|
| 142|0x0000000708e00000, 0x0000000708e00000, 0x0000000708f00000|  0%| F|  |TS  0|AC  0|TAMS 0x0000000708e00000, 0x0000000708e00000|
| 143|0x0000000708f00000, 0x0000000708f00000, 0x0000000709000000|  0%| F|  |TS  0|AC  0|TAMS 0x0000000708f00000, 0x0000000708f00000|
| 144|0x0000000709000000, 0x0000000709000000, 0x0000000709100000|  0%| F|  |TS  0|AC  0|TAMS 0x0000000709000000, 0x0000000709000000|
| 145|0x0000000709100000, 0x0000000709100000, 0x0000000709200000|  0%| F|  |TS  0|AC  0|TAMS 0x0000000709100000, 0x0000000709100000|
| 146|0x0000000709200000, 0x0000000709200000, 0x0000000709300000|  0%| F|  |TS  0|AC  0|TAMS 0x0000000709200000, 0x0000000709200000|
| 147|0x0000000709300000, 0x0000000709300000, 0x0000000709400000|  0%| F|  |TS  0|AC  0|TAMS 0x0000000709300000, 0x0000000709300000|
| 148|0x0000000709400000, 0x0000000709400000, 0x0000000709500000|  0%| F|  |TS  0|AC  0|TAMS 0x0000000709400000, 0x0000000709400000|
| 149|0x0000000709500000, 0x0000000709500000, 0x0000000709600000|  0%| F|  |TS  0|AC  0|TAMS 0x0000000709500000, 0x0000000709500000|
| 150|0x0000000709600000, 0x0000000709600000, 0x0000000709700000|  0%| F|  |TS  0|AC  0|TAMS 0x0000000709600000, 0x0000000709600000|
| 151|0x0000000709700000, 0x0000000709700000, 0x0000000709800000|  0%| F|  |TS  0|AC  0|TAMS 0x0000000709700000, 0x0000000709700000|
| 152|0x0000000709800000, 0x0000000709800000, 0x0000000709900000|  0%| F|  |TS  0|AC  0|TAMS 0x0000000709800000, 0x0000000709800000|
| 153|0x0000000709900000, 0x0000000709900000, 0x0000000709a00000|  0%| F|  |TS  0|AC  0|TAMS 0x0000000709900000, 0x0000000709900000|
| 154|0x0000000709a00000, 0x0000000709a00000, 0x0000000709b00000|  0%| F|  |TS  0|AC  0|TAMS 0x0000000709a00000, 0x0000000709a00000|
| 155|0x0000000709b00000, 0x0000000709b00000, 0x0000000709c00000|  0%| F|  |TS  0|AC  0|TAMS 0x0000000709b00000, 0x0000000709b00000|
| 156|0x0000000709c00000, 0x0000000709c00000, 0x0000000709d00000|  0%| F|  |TS  0|AC  0|TAMS 0x0000000709c00000, 0x0000000709c00000|
| 157|0x0000000709d00000, 0x0000000709d00000, 0x0000000709e00000|  0%| F|  |TS  0|AC  0|TAMS 0x0000000709d00000, 0x0000000709d00000|
| 158|0x0000000709e00000, 0x0000000709e00000, 0x0000000709f00000|  0%| F|  |TS  0|AC  0|TAMS 0x0000000709e00000, 0x0000000709e00000|
| 159|0x0000000709f00000, 0x0000000709f00000, 0x000000070a000000|  0%| F|  |TS  0|AC  0|TAMS 0x0000000709f00000, 0x0000000709f00000|
| 160|0x000000070a000000, 0x000000070a000000, 0x000000070a100000|  0%| F|  |TS  0|AC  0|TAMS 0x000000070a000000, 0x000000070a000000|
| 161|0x000000070a100000, 0x000000070a100000, 0x000000070a200000|  0%| F|  |TS  0|AC  0|TAMS 0x000000070a100000, 0x000000070a100000|
| 162|0x000000070a200000, 0x000000070a200000, 0x000000070a300000|  0%| F|  |TS  0|AC  0|TAMS 0x000000070a200000, 0x000000070a200000|
| 163|0x000000070a300000, 0x000000070a300000, 0x000000070a400000|  0%| F|  |TS  0|AC  0|TAMS 0x000000070a300000, 0x000000070a300000|
| 164|0x000000070a400000, 0x000000070a400000, 0x000000070a500000|  0%| F|  |TS  0|AC  0|TAMS 0x000000070a400000, 0x000000070a400000|
| 165|0x000000070a500000, 0x000000070a500000, 0x000000070a600000|  0%| F|  |TS  0|AC  0|TAMS 0x000000070a500000, 0x000000070a500000|
| 166|0x000000070a600000, 0x000000070a600000, 0x000000070a700000|  0%| F|  |TS  0|AC  0|TAMS 0x000000070a600000, 0x000000070a600000|
| 167|0x000000070a700000, 0x000000070a700000, 0x000000070a800000|  0%| F|  |TS  0|AC  0|TAMS 0x000000070a700000, 0x000000070a700000|
| 168|0x000000070a800000, 0x000000070a800000, 0x000000070a900000|  0%| F|  |TS  0|AC  0|TAMS 0x000000070a800000, 0x000000070a800000|
| 169|0x000000070a900000, 0x000000070a900000, 0x000000070aa00000|  0%| F|  |TS  0|AC  0|TAMS 0x000000070a900000, 0x000000070a900000|
| 170|0x000000070aa00000, 0x000000070aa00000, 0x000000070ab00000|  0%| F|  |TS  0|AC  0|TAMS 0x000000070aa00000, 0x000000070aa00000|
| 171|0x000000070ab00000, 0x000000070ab00000, 0x000000070ac00000|  0%| F|  |TS  0|AC  0|TAMS 0x000000070ab00000, 0x000000070ab00000|
| 172|0x000000070ac00000, 0x000000070ac00000, 0x000000070ad00000|  0%| F|  |TS  3|AC  0|TAMS 0x000000070ac00000, 0x000000070ac00000|
| 173|0x000000070ad00000, 0x000000070ad68e20, 0x000000070ae00000| 40%| S|CS|TS  3|AC  0|TAMS 0x000000070ad00000, 0x000000070ad00000|
| 174|0x000000070ae00000, 0x000000070ae00000, 0x000000070af00000|  0%| F|  |TS  3|AC  0|TAMS 0x000000070ae00000, 0x000000070ae00000|
| 175|0x000000070af00000, 0x000000070af00000, 0x000000070b000000|  0%| F|  |TS  3|AC  0|TAMS 0x000000070af00000, 0x000000070af00000|
| 176|0x000000070b000000, 0x000000070b000000, 0x000000070b100000|  0%| F|  |TS  3|AC  0|TAMS 0x000000070b000000, 0x000000070b000000|
| 177|0x000000070b100000, 0x000000070b100000, 0x000000070b200000|  0%| F|  |TS  3|AC  0|TAMS 0x000000070b100000, 0x000000070b100000|
| 178|0x000000070b200000, 0x000000070b200000, 0x000000070b300000|  0%| F|  |TS  3|AC  0|TAMS 0x000000070b200000, 0x000000070b200000|
| 179|0x000000070b300000, 0x000000070b300000, 0x000000070b400000|  0%| F|  |TS  3|AC  0|TAMS 0x000000070b300000, 0x000000070b300000|
| 180|0x000000070b400000, 0x000000070b400000, 0x000000070b500000|  0%| F|  |TS  3|AC  0|TAMS 0x000000070b400000, 0x000000070b400000|
| 181|0x000000070b500000, 0x000000070b500000, 0x000000070b600000|  0%| F|  |TS  3|AC  0|TAMS 0x000000070b500000, 0x000000070b500000|
| 182|0x000000070b600000, 0x000000070b600000, 0x000000070b700000|  0%| F|  |TS  3|AC  0|TAMS 0x000000070b600000, 0x000000070b600000|
| 183|0x000000070b700000, 0x000000070b700000, 0x000000070b800000|  0%| F|  |TS  3|AC  0|TAMS 0x000000070b700000, 0x000000070b700000|
| 184|0x000000070b800000, 0x000000070b800000, 0x000000070b900000|  0%| F|  |TS  3|AC  0|TAMS 0x000000070b800000, 0x000000070b800000|
| 185|0x000000070b900000, 0x000000070b900000, 0x000000070ba00000|  0%| F|  |TS  3|AC  0|TAMS 0x000000070b900000, 0x000000070b900000|
| 186|0x000000070ba00000, 0x000000070ba00000, 0x000000070bb00000|  0%| F|  |TS  3|AC  0|TAMS 0x000000070ba00000, 0x000000070ba00000|
| 187|0x000000070bb00000, 0x000000070bb00000, 0x000000070bc00000|  0%| F|  |TS  3|AC  0|TAMS 0x000000070bb00000, 0x000000070bb00000|
| 188|0x000000070bc00000, 0x000000070bc00000, 0x000000070bd00000|  0%| F|  |TS  3|AC  0|TAMS 0x000000070bc00000, 0x000000070bc00000|
| 189|0x000000070bd00000, 0x000000070bd00000, 0x000000070be00000|  0%| F|  |TS  3|AC  0|TAMS 0x000000070bd00000, 0x000000070bd00000|
| 190|0x000000070be00000, 0x000000070be00000, 0x000000070bf00000|  0%| F|  |TS  3|AC  0|TAMS 0x000000070be00000, 0x000000070be00000|
| 191|0x000000070bf00000, 0x000000070bf00000, 0x000000070c000000|  0%| F|  |TS  3|AC  0|TAMS 0x000000070bf00000, 0x000000070bf00000|
| 192|0x000000070c000000, 0x000000070c000000, 0x000000070c100000|  0%| F|  |TS  3|AC  0|TAMS 0x000000070c000000, 0x000000070c000000|
| 193|0x000000070c100000, 0x000000070c100000, 0x000000070c200000|  0%| F|  |TS  3|AC  0|TAMS 0x000000070c100000, 0x000000070c100000|
| 194|0x000000070c200000, 0x000000070c200000, 0x000000070c300000|  0%| F|  |TS  3|AC  0|TAMS 0x000000070c200000, 0x000000070c200000|
| 195|0x000000070c300000, 0x000000070c300000, 0x000000070c400000|  0%| F|  |TS  3|AC  0|TAMS 0x000000070c300000, 0x000000070c300000|
| 196|0x000000070c400000, 0x000000070c400000, 0x000000070c500000|  0%| F|  |TS  3|AC  0|TAMS 0x000000070c400000, 0x000000070c400000|
| 197|0x000000070c500000, 0x000000070c500000, 0x000000070c600000|  0%| F|  |TS  3|AC  0|TAMS 0x000000070c500000, 0x000000070c500000|
| 198|0x000000070c600000, 0x000000070c600000, 0x000000070c700000|  0%| F|  |TS  3|AC  0|TAMS 0x000000070c600000, 0x000000070c600000|
| 199|0x000000070c700000, 0x000000070c700000, 0x000000070c800000|  0%| F|  |TS  3|AC  0|TAMS 0x000000070c700000, 0x000000070c700000|
| 200|0x000000070c800000, 0x000000070c800000, 0x000000070c900000|  0%| F|  |TS  3|AC  0|TAMS 0x000000070c800000, 0x000000070c800000|
| 201|0x000000070c900000, 0x000000070c900000, 0x000000070ca00000|  0%| F|  |TS  3|AC  0|TAMS 0x000000070c900000, 0x000000070c900000|
| 202|0x000000070ca00000, 0x000000070ca00000, 0x000000070cb00000|  0%| F|  |TS  3|AC  0|TAMS 0x000000070ca00000, 0x000000070ca00000|
| 203|0x000000070cb00000, 0x000000070cb00000, 0x000000070cc00000|  0%| F|  |TS  3|AC  0|TAMS 0x000000070cb00000, 0x000000070cb00000|
| 204|0x000000070cc00000, 0x000000070cc00000, 0x000000070cd00000|  0%| F|  |TS  3|AC  0|TAMS 0x000000070cc00000, 0x000000070cc00000|
| 205|0x000000070cd00000, 0x000000070cd00000, 0x000000070ce00000|  0%| F|  |TS  3|AC  0|TAMS 0x000000070cd00000, 0x000000070cd00000|
| 206|0x000000070ce00000, 0x000000070ce00000, 0x000000070cf00000|  0%| F|  |TS  3|AC  0|TAMS 0x000000070ce00000, 0x000000070ce00000|
| 207|0x000000070cf00000, 0x000000070cf00000, 0x000000070d000000|  0%| F|  |TS  3|AC  0|TAMS 0x000000070cf00000, 0x000000070cf00000|
| 208|0x000000070d000000, 0x000000070d000000, 0x000000070d100000|  0%| F|  |TS  3|AC  0|TAMS 0x000000070d000000, 0x000000070d000000|
| 209|0x000000070d100000, 0x000000070d100000, 0x000000070d200000|  0%| F|  |TS  3|AC  0|TAMS 0x000000070d100000, 0x000000070d100000|
| 210|0x000000070d200000, 0x000000070d200000, 0x000000070d300000|  0%| F|  |TS  3|AC  0|TAMS 0x000000070d200000, 0x000000070d200000|
| 211|0x000000070d300000, 0x000000070d300000, 0x000000070d400000|  0%| F|  |TS  3|AC  0|TAMS 0x000000070d300000, 0x000000070d300000|
| 212|0x000000070d400000, 0x000000070d400000, 0x000000070d500000|  0%| F|  |TS  3|AC  0|TAMS 0x000000070d400000, 0x000000070d400000|
| 213|0x000000070d500000, 0x000000070d500000, 0x000000070d600000|  0%| F|  |TS  3|AC  0|TAMS 0x000000070d500000, 0x000000070d500000|
| 214|0x000000070d600000, 0x000000070d600000, 0x000000070d700000|  0%| F|  |TS  3|AC  0|TAMS 0x000000070d600000, 0x000000070d600000|
| 215|0x000000070d700000, 0x000000070d71a950, 0x000000070d800000| 10%| E|  |TS  3|AC  0|TAMS 0x000000070d700000, 0x000000070d700000|
| 216|0x000000070d800000, 0x000000070d900000, 0x000000070d900000|100%| E|CS|TS  3|AC  0|TAMS 0x000000070d800000, 0x000000070d800000|
| 217|0x000000070d900000, 0x000000070da00000, 0x000000070da00000|100%| E|CS|TS  3|AC  0|TAMS 0x000000070d900000, 0x000000070d900000|
| 218|0x000000070da00000, 0x000000070db00000, 0x000000070db00000|100%| E|CS|TS  3|AC  0|TAMS 0x000000070da00000, 0x000000070da00000|
| 219|0x000000070db00000, 0x000000070dc00000, 0x000000070dc00000|100%| E|CS|TS  3|AC  0|TAMS 0x000000070db00000, 0x000000070db00000|
| 220|0x000000070dc00000, 0x000000070dd00000, 0x000000070dd00000|100%| E|CS|TS  3|AC  0|TAMS 0x000000070dc00000, 0x000000070dc00000|
| 221|0x000000070dd00000, 0x000000070de00000, 0x000000070de00000|100%| E|CS|TS  3|AC  0|TAMS 0x000000070dd00000, 0x000000070dd00000|
| 222|0x000000070de00000, 0x000000070df00000, 0x000000070df00000|100%| E|CS|TS  3|AC  0|TAMS 0x000000070de00000, 0x000000070de00000|
| 223|0x000000070df00000, 0x000000070e000000, 0x000000070e000000|100%| E|CS|TS  3|AC  0|TAMS 0x000000070df00000, 0x000000070df00000|
| 224|0x000000070e000000, 0x000000070e100000, 0x000000070e100000|100%| E|CS|TS  3|AC  0|TAMS 0x000000070e000000, 0x000000070e000000|
| 225|0x000000070e100000, 0x000000070e200000, 0x000000070e200000|100%| E|CS|TS  3|AC  0|TAMS 0x000000070e100000, 0x000000070e100000|
| 226|0x000000070e200000, 0x000000070e300000, 0x000000070e300000|100%| E|CS|TS  3|AC  0|TAMS 0x000000070e200000, 0x000000070e200000|
| 227|0x000000070e300000, 0x000000070e400000, 0x000000070e400000|100%| E|CS|TS  3|AC  0|TAMS 0x000000070e300000, 0x000000070e300000|
| 228|0x000000070e400000, 0x000000070e500000, 0x000000070e500000|100%| E|CS|TS  3|AC  0|TAMS 0x000000070e400000, 0x000000070e400000|
| 229|0x000000070e500000, 0x000000070e600000, 0x000000070e600000|100%| E|CS|TS  3|AC  0|TAMS 0x000000070e500000, 0x000000070e500000|
| 230|0x000000070e600000, 0x000000070e700000, 0x000000070e700000|100%| E|CS|TS  3|AC  0|TAMS 0x000000070e600000, 0x000000070e600000|
| 231|0x000000070e700000, 0x000000070e800000, 0x000000070e800000|100%| E|CS|TS  3|AC  0|TAMS 0x000000070e700000, 0x000000070e700000|
| 232|0x000000070e800000, 0x000000070e900000, 0x000000070e900000|100%| E|CS|TS  3|AC  0|TAMS 0x000000070e800000, 0x000000070e800000|

Card table byte_map: [0x0000029d39680000,0x0000029d39c80000] byte_map_base: 0x0000029d35e80000

Marking Bits (Prev, Next): (CMBitMap*) 0x0000029d3cd1e9c8, (CMBitMap*) 0x0000029d3cd1e990
 Prev Bits: [0x0000029d55860000, 0x0000029d58860000)
 Next Bits: [0x0000029d52860000, 0x0000029d55860000)

Polling page: 0x0000029d2de20000

CodeHeap 'non-profiled nmethods': size=120000Kb used=26130Kb max_used=26130Kb free=93869Kb
 bounds [0x0000029d4b330000, 0x0000029d4ccc0000, 0x0000029d52860000]
CodeHeap 'profiled nmethods': size=120000Kb used=41705Kb max_used=45484Kb free=78294Kb
 bounds [0x0000029d43e00000, 0x0000029d46b30000, 0x0000029d4b330000]
CodeHeap 'non-nmethods': size=5760Kb used=1791Kb max_used=1843Kb free=3968Kb
 bounds [0x0000029d43860000, 0x0000029d43ad0000, 0x0000029d43e00000]
 total_blobs=38615 nmethods=18736 adapters=1126
 compilation: enabled

Compilation events (10 events):
Event: 8385.367 Thread 0x0000029d37d3a800 25841   !   3       com.jidesoft.editor.marker.MarkerArea$b_::insertUpdate (50 bytes)
Event: 8385.367 Thread 0x0000029d37d3a800 nmethod 25841 0x0000029d45399810 code [0x0000029d45399a80, 0x0000029d4539a640]
Event: 8391.234 Thread 0x0000029d37d3a800 25843       3       javax.swing.plaf.synth.SynthButtonUI::getSpecificIcon (122 bytes)
Event: 8391.240 Thread 0x0000029d37d3a800 nmethod 25843 0x0000029d4605eb10 code [0x0000029d4605f4a0, 0x0000029d46066800]
Event: 8392.501 Thread 0x0000029d37d3a800 25844       1       java.awt.event.ActionEvent::getWhen (5 bytes)
Event: 8392.501 Thread 0x0000029d37d3a800 nmethod 25844 0x0000029d4ccba610 code [0x0000029d4ccba7c0, 0x0000029d4ccba8d8]
Event: 8392.584 Thread 0x0000029d37053000 25845       4       javax.swing.plaf.synth.SynthGraphicsUtils$SynthIconWrapper::getIconHeight (14 bytes)
Event: 8392.605 Thread 0x0000029d37053000 nmethod 25845 0x0000029d4ccba990 code [0x0000029d4ccbac40, 0x0000029d4ccbb530]
Event: 8394.104 Thread 0x0000029d37d3a800 25846       3       java.awt.Rectangle::<init> (21 bytes)
Event: 8394.105 Thread 0x0000029d37d3a800 nmethod 25846 0x0000029d44e58090 code [0x0000029d44e58260, 0x0000029d44e58578]

GC Heap History (10 events):
Event: 8364.392 GC heap before
{Heap before GC invocations=1674 (full 1155):
 garbage-first heap   total 238592K, used 133619K [0x0000000700000000, 0x0000000700100748, 0x00000007c0000000)
  region size 1024K, 60 young (61440K), 2 survivors (2048K)
 Metaspace       used 85481K, capacity 87543K, committed 94640K, reserved 1130496K
  class space    used 11082K, capacity 11512K, committed 12976K, reserved 1048576K
}
Event: 8364.395 GC heap after
{Heap after GC invocations=1675 (full 1155):
 garbage-first heap   total 238592K, used 73773K [0x0000000700000000, 0x0000000700100748, 0x00000007c0000000)
  region size 1024K, 1 young (1024K), 1 survivors (1024K)
 Metaspace       used 85481K, capacity 87543K, committed 94640K, reserved 1130496K
  class space    used 11082K, capacity 11512K, committed 12976K, reserved 1048576K
}
Event: 8368.006 GC heap before
{Heap before GC invocations=1675 (full 1155):
 garbage-first heap   total 238592K, used 134189K [0x0000000700000000, 0x0000000700100748, 0x00000007c0000000)
  region size 1024K, 60 young (61440K), 1 survivors (1024K)
 Metaspace       used 85484K, capacity 87543K, committed 94640K, reserved 1130496K
  class space    used 11082K, capacity 11512K, committed 12976K, reserved 1048576K
}
Event: 8368.008 GC heap after
{Heap after GC invocations=1676 (full 1155):
 garbage-first heap   total 238592K, used 73772K [0x0000000700000000, 0x0000000700100748, 0x00000007c0000000)
  region size 1024K, 1 young (1024K), 1 survivors (1024K)
 Metaspace       used 85484K, capacity 87543K, committed 94640K, reserved 1130496K
  class space    used 11082K, capacity 11512K, committed 12976K, reserved 1048576K
}
Event: 8369.805 GC heap before
{Heap before GC invocations=1676 (full 1155):
 garbage-first heap   total 238592K, used 106540K [0x0000000700000000, 0x0000000700100748, 0x00000007c0000000)
  region size 1024K, 34 young (34816K), 1 survivors (1024K)
 Metaspace       used 85499K, capacity 87543K, committed 94640K, reserved 1130496K
  class space    used 11082K, capacity 11512K, committed 12976K, reserved 1048576K
}
Event: 8370.036 GC heap after
{Heap after GC invocations=1677 (full 1156):
 garbage-first heap   total 238592K, used 72477K [0x0000000700000000, 0x0000000700100748, 0x00000007c0000000)
  region size 1024K, 0 young (0K), 0 survivors (0K)
 Metaspace       used 85306K, capacity 87045K, committed 94640K, reserved 1130496K
  class space    used 11025K, capacity 11405K, committed 12976K, reserved 1048576K
}
Event: 8387.567 GC heap before
{Heap before GC invocations=1677 (full 1156):
 garbage-first heap   total 238592K, used 135965K [0x0000000700000000, 0x0000000700100748, 0x00000007c0000000)
  region size 1024K, 60 young (61440K), 0 survivors (0K)
 Metaspace       used 85318K, capacity 87109K, committed 94640K, reserved 1130496K
  class space    used 11025K, capacity 11405K, committed 12976K, reserved 1048576K
}
Event: 8387.569 GC heap after
{Heap after GC invocations=1678 (full 1156):
 garbage-first heap   total 238592K, used 73842K [0x0000000700000000, 0x0000000700100748, 0x00000007c0000000)
  region size 1024K, 1 young (1024K), 1 survivors (1024K)
 Metaspace       used 85318K, capacity 87109K, committed 94640K, reserved 1130496K
  class space    used 11025K, capacity 11405K, committed 12976K, reserved 1048576K
}
Event: 8394.101 GC heap before
{Heap before GC invocations=1678 (full 1156):
 garbage-first heap   total 238592K, used 134258K [0x0000000700000000, 0x0000000700100748, 0x00000007c0000000)
  region size 1024K, 60 young (61440K), 1 survivors (1024K)
 Metaspace       used 85318K, capacity 87109K, committed 94640K, reserved 1130496K
  class space    used 11025K, capacity 11405K, committed 12976K, reserved 1048576K
}
Event: 8394.104 GC heap after
{Heap after GC invocations=1679 (full 1156):
 garbage-first heap   total 238592K, used 73920K [0x0000000700000000, 0x0000000700100748, 0x00000007c0000000)
  region size 1024K, 1 young (1024K), 1 survivors (1024K)
 Metaspace       used 85318K, capacity 87109K, committed 94640K, reserved 1130496K
  class space    used 11025K, capacity 11405K, committed 12976K, reserved 1048576K
}

Deoptimization events (10 events):
Event: 6973.100 Thread 0x0000029d5af82800 Uncommon trap: reason=unstable_if action=reinterpret pc=0x0000029d4bb23804 method=javax.swing.JTree.getExpandedDescendants(Ljavax/swing/tree/TreePath;)Ljava/util/Enumeration; @ 92 c2
Event: 6996.994 Thread 0x0000029d5af82800 Uncommon trap: reason=unstable_if action=reinterpret pc=0x0000029d4b6e13a8 method=java.awt.Container.clearMostRecentFocusOwnerOnHide()V @ 66 c2
Event: 7348.811 Thread 0x0000029d5af82800 Uncommon trap: reason=unstable_if action=reinterpret pc=0x0000029d4b778220 method=java.util.jar.Attributes.read(Ljava/util/jar/Manifest$FastInputStream;[B)V @ 17 c2
Event: 7722.123 Thread 0x0000029d5af82800 Uncommon trap: reason=unstable_if action=reinterpret pc=0x0000029d4c359e18 method=java.awt.TexturePaintContext$Int.setRaster(IIIIIIIIIIIIIIII)V @ 459 c2
Event: 8160.310 Thread 0x0000029d5af82800 Uncommon trap: reason=unstable_if action=reinterpret pc=0x0000029d4bc4f894 method=com.jidesoft.editor.DefaultSpan.isValid()Z @ 16 c2
Event: 8160.310 Thread 0x0000029d5af82800 Uncommon trap: reason=unstable_if action=reinterpret pc=0x0000029d4cb921c8 method=com.jidesoft.editor.DefaultSpan.isValid()Z @ 16 c2
Event: 8160.310 Thread 0x0000029d5af82800 Uncommon trap: reason=unstable_if action=reinterpret pc=0x0000029d4c772d28 method=com.jidesoft.editor.DefaultSpan.isValid()Z @ 16 c2
Event: 8172.123 Thread 0x0000029d5af82800 Uncommon trap: reason=class_check action=maybe_recompile pc=0x0000029d4cc64ca4 method=javax.swing.KeyboardManager.fireKeyboardAction(Ljava/awt/event/KeyEvent;ZLjava/awt/Container;)Z @ 166 c2
Event: 8209.103 Thread 0x0000029d5af82800 Uncommon trap: reason=class_check action=maybe_recompile pc=0x0000029d4cc64ca4 method=javax.swing.KeyboardManager.fireKeyboardAction(Ljava/awt/event/KeyEvent;ZLjava/awt/Container;)Z @ 166 c2
Event: 8230.965 Thread 0x0000029d5af82800 Uncommon trap: reason=class_check action=maybe_recompile pc=0x0000029d4cc64ca4 method=javax.swing.KeyboardManager.fireKeyboardAction(Ljava/awt/event/KeyEvent;ZLjava/awt/Container;)Z @ 166 c2

Classes redefined (0 events):
No events

Internal exceptions (10 events):
Event: 5257.069 Thread 0x0000029d5af82800 Exception <a 'java/lang/NoSuchMethodError'{0x000000070c619850}: java.lang.invoke.DirectMethodHandle$Holder.invokeSpecial(Ljava/lang/Object;Ljava/lang/Object;IILjava/lang/Object;Ljava/lang/Object;Ljava/lang/Object;ILjava/lang/Object;)Ljava/lang/Object;> (0
Event: 5257.069 Thread 0x0000029d5af82800 Exception <a 'java/lang/NoSuchMethodError'{0x000000070c61d2c0}: java.lang.invoke.DelegatingMethodHandle$Holder.reinvoke_L(Ljava/lang/Object;IILjava/lang/Object;Ljava/lang/Object;Ljava/lang/Object;ILjava/lang/Object;)Ljava/lang/Object;> (0x000000070c61d2c0
Event: 5257.070 Thread 0x0000029d5af82800 Exception <a 'java/lang/NoSuchMethodError'{0x000000070c675018}: method resolution failed> (0x000000070c675018) thrown at [t:/workspace/hotspot/src/share/vm/prims/methodHandles.cpp, line 1256]
Event: 5257.070 Thread 0x0000029d5af82800 Exception <a 'java/lang/NoSuchMethodError'{0x000000070c678cf8}: java.lang.invoke.DelegatingMethodHandle$Holder.reinvoke_L(Ljava/lang/Object;Ljava/lang/Object;Ljava/lang/Object;Ljava/lang/Object;ILjava/lang/Object;)Ljava/lang/Object;> (0x000000070c678cf8) 
Event: 5289.711 Thread 0x0000029d5af82800 Implicit null exception at 0x0000029d4c8d8256 to 0x0000029d4c8dccc9
Event: 5289.711 Thread 0x0000029d5af82800 Implicit null exception at 0x0000029d4c291f74 to 0x0000029d4c292fcd
Event: 5289.736 Thread 0x0000029d5af82800 Implicit null exception at 0x0000029d4b7ac6a1 to 0x0000029d4b7ac981
Event: 5295.831 Thread 0x0000029d5af82800 Implicit null exception at 0x0000029d4c6c2894 to 0x0000029d4c6c3424
Event: 5331.126 Thread 0x0000029d5af82800 Implicit null exception at 0x0000029d4bc4ec69 to 0x0000029d4bc4f7f9
Event: 5331.126 Thread 0x0000029d5af82800 Implicit null exception at 0x0000029d4bc0b2e9 to 0x0000029d4bc0b4fd

Events (10 events):
Event: 8392.693 Executing VM operation: ForceSafepoint
Event: 8392.694 Executing VM operation: ForceSafepoint done
Event: 8393.371 Thread 0x0000029d6b8c8000 Thread added: 0x0000029d6b8c8000
Event: 8393.376 Thread 0x0000029d6b8c8000 Thread exited: 0x0000029d6b8c8000
Event: 8394.101 Executing VM operation: G1IncCollectionPause
Event: 8394.104 Executing VM operation: G1IncCollectionPause done
Event: 8394.371 Thread 0x0000029d6b8c8000 Thread added: 0x0000029d6b8c8000
Event: 8394.377 Thread 0x0000029d6b8c8000 Thread exited: 0x0000029d6b8c8000
Event: 8394.515 Executing VM operation: ForceSafepoint
Event: 8394.515 Executing VM operation: ForceSafepoint done


Dynamic libraries:
0x00007ff72d970000 - 0x00007ff72d9a0000 	C:\Xilinx\Vivado\2019.1\bin\unwrapped\win64.o\vivado.exe
0x00007ffdc53a0000 - 0x00007ffdc5590000 	C:\Windows\SYSTEM32\ntdll.dll
0x00007ffdc51c0000 - 0x00007ffdc5272000 	C:\Windows\System32\KERNEL32.DLL
0x00007ffdc2530000 - 0x00007ffdc27d3000 	C:\Windows\System32\KERNELBASE.dll
0x00007ffdc2ba0000 - 0x00007ffdc2c9a000 	C:\Windows\System32\ucrtbase.dll
0x00007ffda7800000 - 0x00007ffda789b000 	C:\Windows\SYSTEM32\MSVCP140.dll
0x00007ffd79a30000 - 0x00007ffd7a912000 	C:\Xilinx\Vivado\2019.1\lib\win64.o\librdi_common.dll
0x00007ffdbef80000 - 0x00007ffdbef94000 	C:\Xilinx\Vivado\2019.1\lib\win64.o\libboost_signals.dll
0x00007ffdbef60000 - 0x00007ffdbef74000 	C:\Xilinx\Vivado\2019.1\lib\win64.o\librdi_commonmain.dll
0x00007ffda9000000 - 0x00007ffda9015000 	C:\Windows\SYSTEM32\VCRUNTIME140.dll
0x00007ffdc3de0000 - 0x00007ffdc3f74000 	C:\Windows\System32\USER32.dll
0x00007ffdc29d0000 - 0x00007ffdc29f1000 	C:\Windows\System32\win32u.dll
0x00007ffdc5020000 - 0x00007ffdc5046000 	C:\Windows\System32\GDI32.dll
0x00007ffdc2a00000 - 0x00007ffdc2b94000 	C:\Windows\System32\gdi32full.dll
0x00007ffdc2930000 - 0x00007ffdc29ce000 	C:\Windows\System32\msvcp_win.dll
0x00007ffd92ba0000 - 0x00007ffd92f0e000 	C:\Xilinx\Vivado\2019.1\lib\win64.o\libCOIN-all.dll
0x00007ffdc4950000 - 0x00007ffdc49f3000 	C:\Windows\System32\ADVAPI32.dll
0x00007ffdbddd0000 - 0x00007ffdbddf6000 	C:\Xilinx\Vivado\2019.1\lib\win64.o\libboost_filesystem.dll
0x00007ffdbef00000 - 0x00007ffdbef14000 	C:\Xilinx\Vivado\2019.1\lib\win64.o\libboost_date_time.dll
0x00007ffdc4130000 - 0x00007ffdc41ce000 	C:\Windows\System32\msvcrt.dll
0x00007ffdc50b0000 - 0x00007ffdc5147000 	C:\Windows\System32\sechost.dll
0x00007ffdc3f80000 - 0x00007ffdc40a0000 	C:\Windows\System32\RPCRT4.dll
0x00007ffdc41d0000 - 0x00007ffdc48b5000 	C:\Windows\System32\SHELL32.dll
0x00007ffdc24e0000 - 0x00007ffdc252a000 	C:\Windows\System32\cfgmgr32.dll
0x00007ffdbeb80000 - 0x00007ffdbeb8a000 	C:\Xilinx\Vivado\2019.1\lib\win64.o\librdi_commonversion.dll
0x00007ffda2e40000 - 0x00007ffda2f61000 	C:\Xilinx\Vivado\2019.1\lib\win64.o\librdi_commonxillic.dll
0x00007ffdc3450000 - 0x00007ffdc34f9000 	C:\Windows\System32\shcore.dll
0x00007ffdc3590000 - 0x00007ffdc38c6000 	C:\Windows\System32\combase.dll
0x00007ffdc2460000 - 0x00007ffdc24e0000 	C:\Windows\System32\bcryptPrimitives.dll
0x00007ffdc2cd0000 - 0x00007ffdc344f000 	C:\Windows\System32\windows.storage.dll
0x00007ffdc22d0000 - 0x00007ffdc22ef000 	C:\Windows\System32\profapi.dll
0x0000000058d10000 - 0x0000000058e3b000 	C:\Xilinx\Vivado\2019.1\lib\win64.o\tcl85t.dll
0x00007ffdc4a00000 - 0x00007ffdc4a6f000 	C:\Windows\System32\WS2_32.dll
0x00007ffda2f70000 - 0x00007ffda3084000 	C:\Xilinx\Vivado\2019.1\lib\win64.o\libboost_regex.dll
0x00007ffdc2280000 - 0x00007ffdc22ca000 	C:\Windows\System32\powrprof.dll
0x00007ffdb6190000 - 0x00007ffdb620f000 	C:\Xilinx\Vivado\2019.1\lib\win64.o\libboost_program_options.dll
0x00007ffdc2270000 - 0x00007ffdc2280000 	C:\Windows\System32\UMPDC.dll
0x00007ffdc5050000 - 0x00007ffdc50a2000 	C:\Windows\System32\shlwapi.dll
0x00007ffdc2310000 - 0x00007ffdc2321000 	C:\Windows\System32\kernel.appcore.dll
0x00007ffdc2330000 - 0x00007ffdc2347000 	C:\Windows\System32\cryptsp.dll
0x00007ffdbeef0000 - 0x00007ffdbeefb000 	C:\Xilinx\Vivado\2019.1\lib\win64.o\libboost_system.dll
0x00007ffdaa190000 - 0x00007ffdaa1b1000 	C:\Xilinx\Vivado\2019.1\lib\win64.o\libboost_thread.dll
0x00007ffdbeba0000 - 0x00007ffdbebaf000 	C:\Xilinx\Vivado\2019.1\lib\win64.o\libboost_xilinx.dll
0x00007ffda8570000 - 0x00007ffda85f2000 	C:\Xilinx\Vivado\2019.1\lib\win64.o\libhdlpsolve.dll
0x00007ffda6190000 - 0x00007ffda6235000 	C:\Xilinx\Vivado\2019.1\lib\win64.o\libhdxml.dll
0x00007ffd781c0000 - 0x00007ffd78d6f400 	C:\Xilinx\Vivado\2019.1\lib\win64.o\libisl_iostreams.dll
0x00007ffdaa040000 - 0x00007ffdaa06e000 	C:\Xilinx\Vivado\2019.1\lib\win64.o\libisl_sysinfo.dll
0x00007ffda6320000 - 0x00007ffda6385000 	C:\Xilinx\Vivado\2019.1\lib\win64.o\liblmx6.0.dll
0x00007ffdab920000 - 0x00007ffdab93a000 	C:\Xilinx\Vivado\2019.1\lib\win64.o\pthreadVC2.dll
0x00007ffda7900000 - 0x00007ffda7921000 	C:\Xilinx\Vivado\2019.1\lib\win64.o\librdizlib.dll
0x00007ffdaa020000 - 0x00007ffdaa03c000 	C:\Xilinx\Vivado\2019.1\lib\win64.o\librdiconfig.dll
0x0000000012000000 - 0x0000000012270000 	C:\Xilinx\Vivado\2019.1\lib\win64.o\xerces-c_3_1.dll
0x00007ffdac030000 - 0x00007ffdac047000 	C:\Windows\SYSTEM32\NETAPI32.dll
0x00007ffdb7760000 - 0x00007ffdb7850000 	C:\Windows\SYSTEM32\WINHTTP.dll
0x00007ffdb1940000 - 0x00007ffdb1e16000 	C:\Windows\SYSTEM32\WININET.dll
0x00007ffdb7260000 - 0x00007ffdb7436000 	C:\Windows\SYSTEM32\urlmon.dll
0x00007ffd7e3a0000 - 0x00007ffd7e678000 	C:\Xilinx\Vivado\2019.1\lib\win64.o\libXil_lmgr11.dll
0x00007ffdc3c40000 - 0x00007ffdc3d10000 	C:\Windows\System32\COMDLG32.dll
0x00007ffdc3d10000 - 0x00007ffdc3dd4000 	C:\Windows\System32\OLEAUT32.dll
0x00007ffdaee60000 - 0x00007ffdaee69000 	C:\Windows\SYSTEM32\WSOCK32.dll
0x00007ffdc38d0000 - 0x00007ffdc3a26000 	C:\Windows\System32\ole32.dll
0x00007ffda5ef0000 - 0x00007ffda5f18000 	C:\Windows\SYSTEM32\VCOMP140.DLL
0x00007ffd70530000 - 0x00007ffd713c1000 	C:\Xilinx\Vivado\2019.1\lib\win64.o\gurobi65.dll
0x00007ffdc2400000 - 0x00007ffdc245c000 	C:\Windows\System32\WINTRUST.dll
0x00007ffdc22f0000 - 0x00007ffdc2302000 	C:\Windows\System32\MSASN1.dll
0x00007ffdc27e0000 - 0x00007ffdc2929000 	C:\Windows\System32\CRYPT32.dll
0x00007ffdb6180000 - 0x00007ffdb618d000 	C:\Xilinx\Vivado\2019.1\lib\win64.o\libboost_chrono.dll
0x00007ffdaa000000 - 0x00007ffdaa01b000 	C:\Xilinx\Vivado\2019.1\lib\win64.o\libboost_iostreams.dll
0x00007ffda5ec0000 - 0x00007ffda5ee5000 	C:\Xilinx\Vivado\2019.1\lib\win64.o\libisl_iosutils.dll
0x00007ffdb4a60000 - 0x00007ffdb4d06000 	C:\Windows\SYSTEM32\iertutil.dll
0x00007ffda9930000 - 0x00007ffda99d9000 	C:\Windows\WinSxS\amd64_microsoft.windows.common-controls_6595b64144ccf1df_5.82.18362.535_none_2a26181e466b3888\COMCTL32.dll
0x00007ffdba640000 - 0x00007ffdba65c000 	C:\Windows\SYSTEM32\dhcpcsvc.DLL
0x00007ffdc4940000 - 0x00007ffdc4948000 	C:\Windows\System32\NSI.dll
0x00007ffdc1900000 - 0x00007ffdc190c000 	C:\Windows\SYSTEM32\NETUTILS.DLL
0x00007ffdc1cb0000 - 0x00007ffdc1cbc000 	C:\Windows\SYSTEM32\CRYPTBASE.DLL
0x00007ffdc5280000 - 0x00007ffdc52ae000 	C:\Windows\System32\IMM32.DLL
0x00007ffd70010000 - 0x00007ffd70527000 	C:\Xilinx\Vivado\2019.1\lib\win64.o\librdi_commontasks.dll
0x00007ffdbb870000 - 0x00007ffdbb87a000 	C:\Windows\SYSTEM32\VERSION.dll
0x00007ffd7acd0000 - 0x00007ffd7af56000 	C:\Xilinx\Vivado\2019.1\lib\win64.o\librdi_sio.dll
0x00000000582e0000 - 0x0000000058d05000 	C:\Xilinx\Vivado\2019.1\tps\win64\jre9.0.4\bin\server\jvm.dll
0x00007ffdc5150000 - 0x00007ffdc5158000 	C:\Windows\System32\PSAPI.DLL
0x00007ffdc17f0000 - 0x00007ffdc182a000 	C:\Windows\SYSTEM32\IPHLPAPI.DLL
0x00007ffdbe940000 - 0x00007ffdbe964000 	C:\Windows\SYSTEM32\WINMM.dll
0x00007ffda3110000 - 0x00007ffda31ff000 	C:\Windows\SYSTEM32\MSVCR120.dll
0x00007ffdbe890000 - 0x00007ffdbe8bd000 	C:\Windows\SYSTEM32\winmmbase.dll
0x00007ffdc1ae0000 - 0x00007ffdc1b47000 	C:\Windows\SYSTEM32\MSWSOCK.DLL
0x00007ffd6db50000 - 0x00007ffd7000c000 	C:\Xilinx\Vivado\2019.1\lib\win64.o\librdi_tcltasks.dll
0x00007ffd79620000 - 0x00007ffd79a28000 	C:\Xilinx\Vivado\2019.1\lib\win64.o\librdi_bitstream.dll
0x00007ffda3270000 - 0x00007ffda32e8000 	C:\Xilinx\Vivado\2019.1\lib\win64.o\librdi_boarddep.dll
0x00007ffd9d140000 - 0x00007ffd9d2d1000 	C:\Xilinx\Vivado\2019.1\lib\win64.o\librdi_board.dll
0x00007ffd9cdb0000 - 0x00007ffd9ce9b000 	C:\Xilinx\Vivado\2019.1\lib\win64.o\librdi_chipscope.dll
0x00007ffd9c270000 - 0x00007ffd9c42d000 	C:\Xilinx\Vivado\2019.1\lib\win64.o\librdi_chipscopeimpl.dll
0x00007ffd92a40000 - 0x00007ffd92b96000 	C:\Xilinx\Vivado\2019.1\lib\win64.o\librdi_containers.dll
0x00007ffd69bc0000 - 0x00007ffd6a29a000 	C:\Xilinx\Vivado\2019.1\lib\win64.o\librdi_coregenipxact.dll
0x00007ffd65b70000 - 0x00007ffd69bb3000 	C:\Xilinx\Vivado\2019.1\lib\win64.o\librdi_designutils.dll
0x00007ffd6bc90000 - 0x00007ffd6db41000 	C:\Xilinx\Vivado\2019.1\lib\win64.o\librdi_coregen.dll
0x00007ffd6a2a0000 - 0x00007ffd6bc8a000 	C:\Xilinx\Vivado\2019.1\lib\win64.o\librdi_constraints.dll
0x00007ffd792d0000 - 0x00007ffd795ee000 	C:\Xilinx\Vivado\2019.1\lib\win64.o\librdi_dlyest.dll
0x00007ffd531a0000 - 0x00007ffd5373a000 	C:\Xilinx\Vivado\2019.1\lib\win64.o\librdi_drc.dll
0x00007ffd95c00000 - 0x00007ffd95cc4000 	C:\Xilinx\Vivado\2019.1\lib\win64.o\librdi_dsp.dll
0x00007ffd53740000 - 0x00007ffd65b6c000 	C:\Xilinx\Vivado\2019.1\lib\win64.o\librdi_device.dll
0x00007ffd78e50000 - 0x00007ffd79133000 	C:\Xilinx\Vivado\2019.1\lib\win64.o\librdi_guitools.dll
0x00007ffda30a0000 - 0x00007ffda3105000 	C:\Xilinx\Vivado\2019.1\lib\win64.o\librdi_hdf.dll
0x00007ffd52b50000 - 0x00007ffd5319d000 	C:\Xilinx\Vivado\2019.1\lib\win64.o\librdi_filemgmt.dll
0x00007ffd9fcc0000 - 0x00007ffd9fd33000 	C:\Xilinx\Vivado\2019.1\lib\win64.o\librdi_memoryarray.dll
0x00007ffd52530000 - 0x00007ffd52b45000 	C:\Xilinx\Vivado\2019.1\lib\win64.o\librdi_memdata.dll
0x00007ffd50f70000 - 0x00007ffd52530000 	C:\Xilinx\Vivado\2019.1\lib\win64.o\librdi_implflow.dll
0x00007ffda5b90000 - 0x00007ffda5bdb000 	C:\Xilinx\Vivado\2019.1\lib\win64.o\librdi_pfi.dll
0x00007ffd4dbd0000 - 0x00007ffd4e272000 	C:\Xilinx\Vivado\2019.1\lib\win64.o\librdi_netlist.dll
0x00007ffd77eb0000 - 0x00007ffd781bf000 	C:\Xilinx\Vivado\2019.1\lib\win64.o\librdi_platform.dll
0x00007ffd4ae00000 - 0x00007ffd4b54a000 	C:\Xilinx\Vivado\2019.1\lib\win64.o\librdi_power.dll
0x00007ffd4a880000 - 0x00007ffd4adff000 	C:\Xilinx\Vivado\2019.1\lib\win64.o\librdi_project.dll
0x00007ffd4b550000 - 0x00007ffd4dbc6000 	C:\Xilinx\Vivado\2019.1\lib\win64.o\librdi_place.dll
0x00007ffd4a170000 - 0x00007ffd4a879000 	C:\Xilinx\Vivado\2019.1\lib\win64.o\librdi_psta.dll
0x00007ffd49a60000 - 0x00007ffd4a166000 	C:\Xilinx\Vivado\2019.1\lib\win64.o\librdi_rsb.dll
0x00007ffd91780000 - 0x00007ffd9187a000 	C:\Xilinx\Vivado\2019.1\lib\win64.o\librdi_runsbase.dll
0x00007ffd49090000 - 0x00007ffd49481000 	C:\Xilinx\Vivado\2019.1\lib\win64.o\librdi_runs.dll
0x00007ffd49800000 - 0x00007ffd49a56000 	C:\Xilinx\Vivado\2019.1\lib\win64.o\librdi_simdata.dll
0x00007ffd87a80000 - 0x00007ffd87bf2000 	C:\Xilinx\Vivado\2019.1\lib\win64.o\librdi_advchipscopeimpl.dll
0x00007ffd48270000 - 0x00007ffd49081000 	C:\Xilinx\Vivado\2019.1\lib\win64.o\librdi_timing.dll
0x00007ffd4e280000 - 0x00007ffd50f66000 	C:\Xilinx\Vivado\2019.1\lib\win64.o\librdi_mig.dll
0x00007ffda2df0000 - 0x00007ffda2e3c000 	C:\Xilinx\Vivado\2019.1\lib\win64.o\libboost_serialization.dll
0x00007ffd47e80000 - 0x00007ffd48265000 	C:\Xilinx\Vivado\2019.1\lib\win64.o\librdi_hip_config.dll
0x00007ffd47ce0000 - 0x00007ffd47e7f000 	C:\Xilinx\Vivado\2019.1\lib\win64.o\librdi_hip_devdesign.dll
0x00007ffda2c80000 - 0x00007ffda2cc3000 	C:\Xilinx\Vivado\2019.1\lib\win64.o\librdi_noc_frameworks.dll
0x00007ffd47790000 - 0x00007ffd47cde000 	C:\Xilinx\Vivado\2019.1\lib\win64.o\librdi_xdm.dll
0x00007ffd46c40000 - 0x00007ffd47787000 	C:\Xilinx\Vivado\2019.1\lib\win64.o\libverific.dll
0x00007ffd92860000 - 0x00007ffd92922000 	C:\Xilinx\Vivado\2019.1\lib\win64.o\librdi_ipconfig_readwrite.dll

VM Arguments:
jvm_args: -Dsun.java2d.pmoffscreen=false -Dsun.java2d.xrender=false -Dsun.java2d.d3d=false -Dsun.awt.nopixfmt=true -Dsun.java2d.dpiaware=true -Dsun.java2d.uiScale.enabled=false -Xverify:none -Dswing.aatext=true -XX:-UsePerfData -Djdk.map.althashing.threshold=512 -XX:StringTableSize=4072 --add-opens=java.base/java.nio=ALL-UNNAMED --add-opens=java.desktop/sun.swing=ALL-UNNAMED --add-opens=java.desktop/javax.swing=ALL-UNNAMED --add-opens=java.desktop/javax.swing.tree=ALL-UNNAMED --add-opens=java.desktop/javax.swing.plaf.basic=ALL-UNNAMED --add-opens=java.desktop/javax.swing.plaf.synth=ALL-UNNAMED --add-opens=java.desktop/com.sun.awt=ALL-UNNAMED -XX:NewSize=60m -XX:MaxNewSize=60m -Xms128m -Xmx3072m -Xss5m 
java_command: <unknown>
java_class_path (initial): C:/Xilinx/Vivado/2019.1\lib\classes\alloy.jar;C:/Xilinx/Vivado/2019.1\lib\classes\autopilot.scelaborator.jar;C:/Xilinx/Vivado/2019.1\lib\classes\autopilot.sourceprocessor.jar;C:/Xilinx/Vivado/2019.1\lib\classes\autopilot.tbprocessor.jar;C:/Xilinx/Vivado/2019.1\lib\classes\batik-anim.jar;C:/Xilinx/Vivado/2019.1\lib\classes\batik-awt-util.jar;C:/Xilinx/Vivado/2019.1\lib\classes\batik-bridge.jar;C:/Xilinx/Vivado/2019.1\lib\classes\batik-codec.jar;C:/Xilinx/Vivado/2019.1\lib\classes\batik-css.jar;C:/Xilinx/Vivado/2019.1\lib\classes\batik-dom.jar;C:/Xilinx/Vivado/2019.1\lib\classes\batik-ext.jar;C:/Xilinx/Vivado/2019.1\lib\classes\batik-gui-util.jar;C:/Xilinx/Vivado/2019.1\lib\classes\batik-gvt.jar;C:/Xilinx/Vivado/2019.1\lib\classes\batik-parser.jar;C:/Xilinx/Vivado/2019.1\lib\classes\batik-script.jar;C:/Xilinx/Vivado/2019.1\lib\classes\batik-svg-dom.jar;C:/Xilinx/Vivado/2019.1\lib\classes\batik-swing.jar;C:/Xilinx/Vivado/2019.1\lib\classes\batik-transcoder.jar;C:/Xilinx/Vivado/2019.1\lib\classes\batik-util.jar;C:/Xilinx/Vivado/2019.1\lib\classes\batik-xml.jar;C:/Xilinx/Vivado/2019.1\lib\classes\com.google.gson_2.7.0.v20170129-0911.jar;C:/Xilinx/Vivado/2019.1\lib\classes\com.google.guava_21.0.0.v20170206-1425.jar;C:/Xilinx/Vivado/2019.1\lib\classes\com.google.inject_3.0.0.v201605172100.jar;C:/Xilinx/Vivado/2019.1\lib\classes\com.ibm.icu_4.4.2.v20110208.jar;C:/Xilinx/Vivado/2019.1\lib\classes\com.sigasi.hdt.annotations.runtime_4.3.0.201903071210.jar;C:/Xilinx/Vivado/2019.1\lib\classes\com.sigasi.hdt.blockdiagram.model_4.3.0.201903071210.jar;C:/Xilinx/Vivado/2019.1\lib\classes\com.sigasi.hdt.connection_4.3.0.201903071210.jar;C:/Xilinx/Vivado/2019.1\lib\classes\com.sigasi.hdt.dependencies.model_4.3.0.201903071210.jar;C:/Xilinx/Vivado/2019.1\lib\classes\com.sigasi.hdt.epl_4.3.0.201903071210.jar;C:/Xilinx/Vivado/2019.1\lib\classes\com.sigasi.hdt.graphics.model_4.3.0.201903071210.jar;C:/Xilinx/Vivado/2019.1\lib\classes\com.sigasi.hdt.project_4.3.0
Launcher Type: generic

Logging:
Log output configuration:
#0: stdout all=warning uptime,level,tags
#1: stderr all=off uptime,level,tags

Environment Variables:
PATH=C:/Xilinx/Vivado/2019.1/bin;C:/Xilinx/Vivado/2019.1/lib/win64.o;C:/Xilinx/Vivado/2019.1/tps/win64/jre9.0.4/bin/server;C:/Xilinx/Vivado/2019.1/tps/win64/jre9.0.4/bin;C:/Xilinx/SDK/2019.1/bin;C:/Xilinx/Vivado/2019.1/ids_lite/ISE/bin/nt64;C:/Xilinx/Vivado/2019.1/ids_lite/ISE/lib/nt64;C:\Program Files (x86)\Common Files\Oracle\Java\javapath;C:\Windows\system32;C:\Windows;C:\Windows\System32\Wbem;C:\Windows\System32\WindowsPowerShell\v1.0\;C:\Windows\System32\OpenSSH\;C:\Program Files\MATLAB\R2019a\runtime\win64;C:\Program Files\MATLAB\R2019a\bin;C:\Program Files (x86)\Digilent\AdeptUtilities;C:\Program Files\Git\cmd;C:\Python37\Scripts\;C:\Python37\;C:\Users\REV\AppData\Local\Microsoft\WindowsApps;C:\Program Files\JetBrains\PyCharm Community Edition 2019.1.3\bin;C:\Program Files\JetBrains\PyCharm 2019.2\bin;C:\intelFPGA_lite\18.1\modelsim_ase\win32aloem;C:\Users\REV\AppData\Local\Programs\Microsoft VS Code\bin;C:\mingw-w64\i686-8.1.0-posix-dwarf-rt_v6-rev0\mingw32\bin;C:\Program Files\Notepad++;;C:\MentorGraphics\win64;C:/Xilinx/Vivado/2019.1\tps\mingw\6.2.0\win64.o\nt\bin;C:/Xilinx/Vivado/2019.1\tps\mingw\6.2.0\win64.o\nt\libexec\gcc\x86_64-w64-mingw32\6.2.0;C:/Xilinx/Vivado/2019.1\tps\win64\python-2.7.5;C:/Xilinx/Vivado/2019.1\tps\win64\python-2.7.5\lib;C:/Xilinx/Vivado/2019.1\tps\win64\python-2.7.5\Lib\lib-tk;C:/Xilinx/Vivado/2019.1\tps\win64\python-2.7.5\lib\site-packages
USERNAME=REV
OS=Windows_NT
PROCESSOR_IDENTIFIER=Intel64 Family 6 Model 60 Stepping 3, GenuineIntel



---------------  S Y S T E M  ---------------

OS: Windows 10 , 64 bit Build 18362 (10.0.18362.329)

CPU:total 8 (initial active 8) (4 cores per cpu, 2 threads per core) family 6 model 60 stepping 3, cmov, cx8, fxsr, mmx, sse, sse2, sse3, ssse3, sse4.1, sse4.2, popcnt, avx, avx2, aes, clmul, erms, lzcnt, ht, tsc, tscinvbit, bmi1, bmi2, fma

Memory: 4k page, physical 16687384k(9218768k free), swap 19177752k(10988796k free)

vm_info: Java HotSpot(TM) 64-Bit Server VM (9.0.4+11) for windows-amd64 JRE (9.0.4+11), built on Dec 20 2017 02:18:54 by "mach5one" with MS VC++ 12.0 (VS2013)

END.
