
*** Running vivado
    with args -log dtw_8F_32bit_256x256.vdi -applog -m64 -product Vivado -messageDb vivado.pb -mode batch -source dtw_8F_32bit_256x256.tcl -notrace


****** Vivado v2019.1 (64-bit)
  **** SW Build 2552052 on Fri May 24 14:49:42 MDT 2019
  **** IP Build 2548770 on Fri May 24 18:01:18 MDT 2019
    ** Copyright 1986-2019 Xilinx, Inc. All Rights Reserved.

source dtw_8F_32bit_256x256.tcl -notrace
Command: link_design -top dtw_8F_32bit_256x256 -part xc7z020clg400-1
Design is defaulting to srcset: sources_1
Design is defaulting to constrset: constrs_1
INFO: [Device 21-403] Loading part xc7z020clg400-1
INFO: [Project 1-454] Reading design checkpoint 'c:/Users/REV/VivadoProjects/DTW_8F_32bit_256x256/DTW.srcs/sources_1/ip/blk_mem_gen_dual_256x16/blk_mem_gen_dual_256x16.dcp' for cell 'dtw_matrix_memory_inst/even_rows'
INFO: [Project 1-454] Reading design checkpoint 'c:/Users/REV/VivadoProjects/DTW_8F_32bit_256x256/DTW.srcs/sources_1/ip/xbip_dsp48_macro_0/xbip_dsp48_macro_0.dcp' for cell 'euclidean_distance_inst/dsp_inst1'
INFO: [Project 1-454] Reading design checkpoint 'c:/Users/REV/VivadoProjects/DTW_8F_32bit_256x256/DTW.srcs/sources_1/ip/cordic_0/cordic_0.dcp' for cell 'euclidean_distance_inst/inst1'
INFO: [Project 1-454] Reading design checkpoint 'c:/Users/REV/VivadoProjects/DTW_8F_32bit_256x256/DTW.srcs/sources_1/ip/blk_mem_gen_32x256/blk_mem_gen_32x256.dcp' for cell 'temp_test_memory_inst/template_inst'
INFO: [Netlist 29-17] Analyzing 109 Unisim elements for replacement
INFO: [Netlist 29-28] Unisim Transformation completed in 0 CPU seconds
INFO: [Project 1-479] Netlist was created with Vivado 2019.1
INFO: [Project 1-570] Preparing netlist for logic optimization
Parsing XDC File [C:/Users/REV/VivadoProjects/DTW_8F_32bit_256x256/DTW.srcs/constrs_1/new/constraints_1.xdc]
Finished Parsing XDC File [C:/Users/REV/VivadoProjects/DTW_8F_32bit_256x256/DTW.srcs/constrs_1/new/constraints_1.xdc]
INFO: [Opt 31-138] Pushed 0 inverter(s) to 0 load pin(s).
Netlist sorting complete. Time (s): cpu = 00:00:00 ; elapsed = 00:00:00.003 . Memory (MB): peak = 870.152 ; gain = 0.000
INFO: [Project 1-111] Unisim Transformation Summary:
No Unisim elements were transformed.

11 Infos, 0 Warnings, 0 Critical Warnings and 0 Errors encountered.
link_design completed successfully
link_design: Time (s): cpu = 00:00:15 ; elapsed = 00:00:17 . Memory (MB): peak = 870.152 ; gain = 424.871
Command: opt_design
Attempting to get a license for feature 'Implementation' and/or device 'xc7z020'
INFO: [Common 17-349] Got license for feature 'Implementation' and/or device 'xc7z020'
Running DRC as a precondition to command opt_design

Starting DRC Task
INFO: [DRC 23-27] Running DRC with 2 threads
INFO: [Project 1-461] DRC finished with 0 Errors
INFO: [Project 1-462] Please refer to the DRC report (report_drc) for more information.

Time (s): cpu = 00:00:01 ; elapsed = 00:00:01 . Memory (MB): peak = 890.129 ; gain = 19.977

Starting Cache Timing Information Task
INFO: [Timing 38-35] Done setting XDC timing constraints.
Ending Cache Timing Information Task | Checksum: f54cca2f

Time (s): cpu = 00:00:14 ; elapsed = 00:00:14 . Memory (MB): peak = 1401.453 ; gain = 511.324

Starting Logic Optimization Task

Phase 1 Retarget
INFO: [Opt 31-138] Pushed 0 inverter(s) to 0 load pin(s).
INFO: [Opt 31-49] Retargeted 0 cell(s).
Phase 1 Retarget | Checksum: 10d4c73b3

Time (s): cpu = 00:00:01 ; elapsed = 00:00:00.249 . Memory (MB): peak = 1546.191 ; gain = 0.000
INFO: [Opt 31-389] Phase Retarget created 15 cells and removed 22 cells

Phase 2 Constant propagation
INFO: [Opt 31-138] Pushed 3 inverter(s) to 3 load pin(s).
Phase 2 Constant propagation | Checksum: 81588b61

Time (s): cpu = 00:00:01 ; elapsed = 00:00:00.693 . Memory (MB): peak = 1546.191 ; gain = 0.000
INFO: [Opt 31-389] Phase Constant propagation created 41 cells and removed 832 cells

Phase 3 Sweep
Phase 3 Sweep | Checksum: 2bacc0ef

Time (s): cpu = 00:00:02 ; elapsed = 00:00:01 . Memory (MB): peak = 1546.191 ; gain = 0.000
INFO: [Opt 31-389] Phase Sweep created 0 cells and removed 8 cells
INFO: [Opt 31-1021] In phase Sweep, 1 netlist objects are constrained preventing optimization. Please run opt_design with -debug_log to get more detail. 

Phase 4 BUFG optimization
Phase 4 BUFG optimization | Checksum: 2bacc0ef

Time (s): cpu = 00:00:02 ; elapsed = 00:00:02 . Memory (MB): peak = 1546.191 ; gain = 0.000
INFO: [Opt 31-662] Phase BUFG optimization created 0 cells of which 0 are BUFGs and removed 0 cells.

Phase 5 Shift Register Optimization
INFO: [Opt 31-1064] SRL Remap converted 0 SRLs to 0 registers and converted 0 registers of register chains to 0 SRLs
Phase 5 Shift Register Optimization | Checksum: 2bacc0ef

Time (s): cpu = 00:00:02 ; elapsed = 00:00:02 . Memory (MB): peak = 1546.191 ; gain = 0.000
INFO: [Opt 31-389] Phase Shift Register Optimization created 0 cells and removed 0 cells

Phase 6 Post Processing Netlist
Phase 6 Post Processing Netlist | Checksum: 2bacc0ef

Time (s): cpu = 00:00:02 ; elapsed = 00:00:02 . Memory (MB): peak = 1546.191 ; gain = 0.000
INFO: [Opt 31-389] Phase Post Processing Netlist created 0 cells and removed 0 cells
Opt_design Change Summary
=========================


-------------------------------------------------------------------------------------------------------------------------
|  Phase                        |  #Cells created  |  #Cells Removed  |  #Constrained objects preventing optimizations  |
-------------------------------------------------------------------------------------------------------------------------
|  Retarget                     |              15  |              22  |                                              0  |
|  Constant propagation         |              41  |             832  |                                              0  |
|  Sweep                        |               0  |               8  |                                              1  |
|  BUFG optimization            |               0  |               0  |                                              0  |
|  Shift Register Optimization  |               0  |               0  |                                              0  |
|  Post Processing Netlist      |               0  |               0  |                                              0  |
-------------------------------------------------------------------------------------------------------------------------



Starting Connectivity Check Task

Time (s): cpu = 00:00:00 ; elapsed = 00:00:00.006 . Memory (MB): peak = 1546.191 ; gain = 0.000
Ending Logic Optimization Task | Checksum: 11c006fca

Time (s): cpu = 00:00:02 ; elapsed = 00:00:02 . Memory (MB): peak = 1546.191 ; gain = 0.000

Starting Power Optimization Task
INFO: [Pwropt 34-132] Skipping clock gating for clocks with a period < 2.00 ns.
INFO: [Timing 38-35] Done setting XDC timing constraints.
INFO: [Pwropt 34-9] Applying IDT optimizations ...
INFO: [Pwropt 34-10] Applying ODC optimizations ...
INFO: [Physopt 32-619] Estimated Timing Summary | WNS=20.623 | TNS=0.000 |
Running Vector-less Activity Propagation...

Finished Running Vector-less Activity Propagation


Starting PowerOpt Patch Enables Task
INFO: [Pwropt 34-162] WRITE_MODE attribute of 0 BRAM(s) out of a total of 4 has been updated to save power. Run report_power_opt to get a complete listing of the BRAMs updated.
INFO: [Pwropt 34-201] Structural ODC has moved 0 WE to EN ports
Number of BRAM Ports augmented: 0 newly gated: 0 Total Ports: 8
Ending PowerOpt Patch Enables Task | Checksum: 11c006fca

Time (s): cpu = 00:00:00 ; elapsed = 00:00:00.032 . Memory (MB): peak = 1695.504 ; gain = 0.000
Ending Power Optimization Task | Checksum: 11c006fca

Time (s): cpu = 00:00:03 ; elapsed = 00:00:02 . Memory (MB): peak = 1695.504 ; gain = 149.313

Starting Final Cleanup Task
Ending Final Cleanup Task | Checksum: 11c006fca

Time (s): cpu = 00:00:00 ; elapsed = 00:00:00 . Memory (MB): peak = 1695.504 ; gain = 0.000

Starting Netlist Obfuscation Task
Netlist sorting complete. Time (s): cpu = 00:00:00 ; elapsed = 00:00:00.002 . Memory (MB): peak = 1695.504 ; gain = 0.000
Ending Netlist Obfuscation Task | Checksum: 11c006fca

Time (s): cpu = 00:00:00 ; elapsed = 00:00:00.003 . Memory (MB): peak = 1695.504 ; gain = 0.000
INFO: [Common 17-83] Releasing license: Implementation
35 Infos, 0 Warnings, 0 Critical Warnings and 0 Errors encountered.
opt_design completed successfully
opt_design: Time (s): cpu = 00:00:22 ; elapsed = 00:00:21 . Memory (MB): peak = 1695.504 ; gain = 825.352
Netlist sorting complete. Time (s): cpu = 00:00:00 ; elapsed = 00:00:00.002 . Memory (MB): peak = 1695.504 ; gain = 0.000
INFO: [Timing 38-480] Writing timing data to binary archive.
INFO: [Common 17-1381] The checkpoint 'C:/Users/REV/VivadoProjects/DTW_8F_32bit_256x256/DTW.runs/impl_1/dtw_8F_32bit_256x256_opt.dcp' has been generated.
INFO: [runtcl-4] Executing : report_drc -file dtw_8F_32bit_256x256_drc_opted.rpt -pb dtw_8F_32bit_256x256_drc_opted.pb -rpx dtw_8F_32bit_256x256_drc_opted.rpx
Command: report_drc -file dtw_8F_32bit_256x256_drc_opted.rpt -pb dtw_8F_32bit_256x256_drc_opted.pb -rpx dtw_8F_32bit_256x256_drc_opted.rpx
INFO: [IP_Flow 19-1839] IP Catalog is up to date.
INFO: [DRC 23-27] Running DRC with 2 threads
INFO: [Coretcl 2-168] The results of DRC are in file C:/Users/REV/VivadoProjects/DTW_8F_32bit_256x256/DTW.runs/impl_1/dtw_8F_32bit_256x256_drc_opted.rpt.
report_drc completed successfully
Command: place_design
Attempting to get a license for feature 'Implementation' and/or device 'xc7z020'
INFO: [Common 17-349] Got license for feature 'Implementation' and/or device 'xc7z020'
INFO: [DRC 23-27] Running DRC with 2 threads
INFO: [Vivado_Tcl 4-198] DRC finished with 0 Errors
INFO: [Vivado_Tcl 4-199] Please refer to the DRC report (report_drc) for more information.
Running DRC as a precondition to command place_design
INFO: [DRC 23-27] Running DRC with 2 threads
INFO: [Vivado_Tcl 4-198] DRC finished with 0 Errors
INFO: [Vivado_Tcl 4-199] Please refer to the DRC report (report_drc) for more information.

Starting Placer Task
INFO: [Place 30-611] Multithreading enabled for place_design using a maximum of 2 CPUs

Phase 1 Placer Initialization

Phase 1.1 Placer Initialization Netlist Sorting
Netlist sorting complete. Time (s): cpu = 00:00:00 ; elapsed = 00:00:00.002 . Memory (MB): peak = 1695.504 ; gain = 0.000
Phase 1.1 Placer Initialization Netlist Sorting | Checksum: 98659155

Time (s): cpu = 00:00:00 ; elapsed = 00:00:00.010 . Memory (MB): peak = 1695.504 ; gain = 0.000
Netlist sorting complete. Time (s): cpu = 00:00:00 ; elapsed = 00:00:00.002 . Memory (MB): peak = 1695.504 ; gain = 0.000

Phase 1.2 IO Placement/ Clock Placement/ Build Placer Device
INFO: [Timing 38-35] Done setting XDC timing constraints.
Phase 1.2 IO Placement/ Clock Placement/ Build Placer Device | Checksum: d4ff7083

Time (s): cpu = 00:00:03 ; elapsed = 00:00:02 . Memory (MB): peak = 1695.504 ; gain = 0.000

Phase 1.3 Build Placer Netlist Model
Phase 1.3 Build Placer Netlist Model | Checksum: 109d82f27

Time (s): cpu = 00:00:04 ; elapsed = 00:00:02 . Memory (MB): peak = 1695.504 ; gain = 0.000

Phase 1.4 Constrain Clocks/Macros
Phase 1.4 Constrain Clocks/Macros | Checksum: 109d82f27

Time (s): cpu = 00:00:04 ; elapsed = 00:00:02 . Memory (MB): peak = 1695.504 ; gain = 0.000
Phase 1 Placer Initialization | Checksum: 109d82f27

Time (s): cpu = 00:00:04 ; elapsed = 00:00:02 . Memory (MB): peak = 1695.504 ; gain = 0.000

Phase 2 Global Placement

Phase 2.1 Floorplanning
Phase 2.1 Floorplanning | Checksum: 10615209a

Time (s): cpu = 00:00:04 ; elapsed = 00:00:02 . Memory (MB): peak = 1695.504 ; gain = 0.000

Phase 2.2 Global Placement Core

Phase 2.2.1 Physical Synthesis In Placer
INFO: [Physopt 32-65] No nets found for high-fanout optimization.
INFO: [Physopt 32-232] Optimized 0 net. Created 0 new instance.
INFO: [Physopt 32-775] End 1 Pass. Optimized 0 net or cell. Created 0 new cell, deleted 0 existing cell and moved 0 existing cell
INFO: [Physopt 32-670] No setup violation found.  DSP Register Optimization was not performed.
INFO: [Physopt 32-670] No setup violation found.  Shift Register Optimization was not performed.
INFO: [Physopt 32-670] No setup violation found.  BRAM Register Optimization was not performed.
INFO: [Physopt 32-949] No candidate nets found for HD net replication
INFO: [Physopt 32-775] End 1 Pass. Optimized 0 net or cell. Created 0 new cell, deleted 0 existing cell and moved 0 existing cell
Netlist sorting complete. Time (s): cpu = 00:00:00 ; elapsed = 00:00:00.003 . Memory (MB): peak = 1695.504 ; gain = 0.000

Summary of Physical Synthesis Optimizations
============================================


----------------------------------------------------------------------------------------------------------------------------------------
|  Optimization                  |  Added Cells  |  Removed Cells  |  Optimized Cells/Nets  |  Dont Touch  |  Iterations  |  Elapsed   |
----------------------------------------------------------------------------------------------------------------------------------------
|  Very High Fanout              |            0  |              0  |                     0  |           0  |           1  |  00:00:00  |
|  DSP Register                  |            0  |              0  |                     0  |           0  |           0  |  00:00:00  |
|  Shift Register                |            0  |              0  |                     0  |           0  |           0  |  00:00:00  |
|  BRAM Register                 |            0  |              0  |                     0  |           0  |           0  |  00:00:00  |
|  HD Interface Net Replication  |            0  |              0  |                     0  |           0  |           1  |  00:00:00  |
|  Total                         |            0  |              0  |                     0  |           0  |           2  |  00:00:00  |
----------------------------------------------------------------------------------------------------------------------------------------


Phase 2.2.1 Physical Synthesis In Placer | Checksum: 1113893f3

Time (s): cpu = 00:00:10 ; elapsed = 00:00:06 . Memory (MB): peak = 1695.504 ; gain = 0.000
Phase 2.2 Global Placement Core | Checksum: 1af010177

Time (s): cpu = 00:00:10 ; elapsed = 00:00:06 . Memory (MB): peak = 1695.504 ; gain = 0.000
Phase 2 Global Placement | Checksum: 1af010177

Time (s): cpu = 00:00:10 ; elapsed = 00:00:06 . Memory (MB): peak = 1695.504 ; gain = 0.000

Phase 3 Detail Placement

Phase 3.1 Commit Multi Column Macros
Phase 3.1 Commit Multi Column Macros | Checksum: 1b9268364

Time (s): cpu = 00:00:10 ; elapsed = 00:00:06 . Memory (MB): peak = 1695.504 ; gain = 0.000

Phase 3.2 Commit Most Macros & LUTRAMs
Phase 3.2 Commit Most Macros & LUTRAMs | Checksum: 98160843

Time (s): cpu = 00:00:11 ; elapsed = 00:00:07 . Memory (MB): peak = 1695.504 ; gain = 0.000

Phase 3.3 Area Swap Optimization
Phase 3.3 Area Swap Optimization | Checksum: 77761787

Time (s): cpu = 00:00:11 ; elapsed = 00:00:07 . Memory (MB): peak = 1695.504 ; gain = 0.000

Phase 3.4 Pipeline Register Optimization
Phase 3.4 Pipeline Register Optimization | Checksum: 16496f6ea

Time (s): cpu = 00:00:11 ; elapsed = 00:00:07 . Memory (MB): peak = 1695.504 ; gain = 0.000

Phase 3.5 Small Shape Detail Placement
Phase 3.5 Small Shape Detail Placement | Checksum: 189369e58

Time (s): cpu = 00:00:12 ; elapsed = 00:00:08 . Memory (MB): peak = 1695.504 ; gain = 0.000

Phase 3.6 Re-assign LUT pins
Phase 3.6 Re-assign LUT pins | Checksum: 11f99a095

Time (s): cpu = 00:00:12 ; elapsed = 00:00:08 . Memory (MB): peak = 1695.504 ; gain = 0.000

Phase 3.7 Pipeline Register Optimization
Phase 3.7 Pipeline Register Optimization | Checksum: f47e8130

Time (s): cpu = 00:00:12 ; elapsed = 00:00:08 . Memory (MB): peak = 1695.504 ; gain = 0.000
Phase 3 Detail Placement | Checksum: f47e8130

Time (s): cpu = 00:00:12 ; elapsed = 00:00:08 . Memory (MB): peak = 1695.504 ; gain = 0.000

Phase 4 Post Placement Optimization and Clean-Up

Phase 4.1 Post Commit Optimization
INFO: [Timing 38-35] Done setting XDC timing constraints.

Phase 4.1.1 Post Placement Optimization
Post Placement Optimization Initialization | Checksum: 1363ab4d6

Phase 4.1.1.1 BUFG Insertion
INFO: [Place 46-56] BUFG insertion identified 0 candidate nets. Inserted BUFG: 0, Replicated BUFG Driver: 0, Skipped due to Placement/Routing Conflicts: 0, Skipped due to Timing Degradation: 0, Skipped due to Illegal Netlist: 0.
Phase 4.1.1.1 BUFG Insertion | Checksum: 1363ab4d6

Time (s): cpu = 00:00:13 ; elapsed = 00:00:09 . Memory (MB): peak = 1695.504 ; gain = 0.000
INFO: [Place 30-746] Post Placement Timing Summary WNS=19.067. For the most accurate timing information please run report_timing.
Phase 4.1.1 Post Placement Optimization | Checksum: 18aa6e02f

Time (s): cpu = 00:00:13 ; elapsed = 00:00:09 . Memory (MB): peak = 1695.504 ; gain = 0.000
Phase 4.1 Post Commit Optimization | Checksum: 18aa6e02f

Time (s): cpu = 00:00:13 ; elapsed = 00:00:09 . Memory (MB): peak = 1695.504 ; gain = 0.000

Phase 4.2 Post Placement Cleanup
Phase 4.2 Post Placement Cleanup | Checksum: 18aa6e02f

Time (s): cpu = 00:00:13 ; elapsed = 00:00:09 . Memory (MB): peak = 1695.504 ; gain = 0.000

Phase 4.3 Placer Reporting
Phase 4.3 Placer Reporting | Checksum: 18aa6e02f

Time (s): cpu = 00:00:13 ; elapsed = 00:00:09 . Memory (MB): peak = 1695.504 ; gain = 0.000

Phase 4.4 Final Placement Cleanup
Netlist sorting complete. Time (s): cpu = 00:00:00 ; elapsed = 00:00:00.003 . Memory (MB): peak = 1695.504 ; gain = 0.000
Phase 4.4 Final Placement Cleanup | Checksum: ced65ce5

Time (s): cpu = 00:00:13 ; elapsed = 00:00:09 . Memory (MB): peak = 1695.504 ; gain = 0.000
Phase 4 Post Placement Optimization and Clean-Up | Checksum: ced65ce5

Time (s): cpu = 00:00:13 ; elapsed = 00:00:09 . Memory (MB): peak = 1695.504 ; gain = 0.000
Ending Placer Task | Checksum: 5617b2e6

Time (s): cpu = 00:00:13 ; elapsed = 00:00:09 . Memory (MB): peak = 1695.504 ; gain = 0.000
INFO: [Common 17-83] Releasing license: Implementation
62 Infos, 0 Warnings, 0 Critical Warnings and 0 Errors encountered.
place_design completed successfully
place_design: Time (s): cpu = 00:00:15 ; elapsed = 00:00:10 . Memory (MB): peak = 1695.504 ; gain = 0.000
Netlist sorting complete. Time (s): cpu = 00:00:00 ; elapsed = 00:00:00.003 . Memory (MB): peak = 1695.504 ; gain = 0.000
INFO: [Timing 38-480] Writing timing data to binary archive.
Writing placer database...
Writing XDEF routing.
Writing XDEF routing logical nets.
Writing XDEF routing special nets.
Write XDEF Complete: Time (s): cpu = 00:00:01 ; elapsed = 00:00:00.284 . Memory (MB): peak = 1695.504 ; gain = 0.000
INFO: [Common 17-1381] The checkpoint 'C:/Users/REV/VivadoProjects/DTW_8F_32bit_256x256/DTW.runs/impl_1/dtw_8F_32bit_256x256_placed.dcp' has been generated.
INFO: [runtcl-4] Executing : report_io -file dtw_8F_32bit_256x256_io_placed.rpt
report_io: Time (s): cpu = 00:00:00 ; elapsed = 00:00:00.118 . Memory (MB): peak = 1695.504 ; gain = 0.000
INFO: [runtcl-4] Executing : report_utilization -file dtw_8F_32bit_256x256_utilization_placed.rpt -pb dtw_8F_32bit_256x256_utilization_placed.pb
INFO: [runtcl-4] Executing : report_control_sets -verbose -file dtw_8F_32bit_256x256_control_sets_placed.rpt
report_control_sets: Time (s): cpu = 00:00:00 ; elapsed = 00:00:00.033 . Memory (MB): peak = 1695.504 ; gain = 0.000
Command: route_design
Attempting to get a license for feature 'Implementation' and/or device 'xc7z020'
INFO: [Common 17-349] Got license for feature 'Implementation' and/or device 'xc7z020'
Running DRC as a precondition to command route_design
INFO: [DRC 23-27] Running DRC with 2 threads
INFO: [Vivado_Tcl 4-198] DRC finished with 0 Errors
INFO: [Vivado_Tcl 4-199] Please refer to the DRC report (report_drc) for more information.


Starting Routing Task
INFO: [Route 35-254] Multithreading enabled for route_design using a maximum of 2 CPUs
Checksum: PlaceDB: 179fba2f ConstDB: 0 ShapeSum: 3e77f8b7 RouteDB: 0

Phase 1 Build RT Design
Phase 1 Build RT Design | Checksum: a2c33e16

Time (s): cpu = 00:00:42 ; elapsed = 00:00:38 . Memory (MB): peak = 1695.504 ; gain = 0.000
Post Restoration Checksum: NetGraph: fa15c90 NumContArr: 9321e186 Constraints: 0 Timing: 0

Phase 2 Router Initialization

Phase 2.1 Create Timer
Phase 2.1 Create Timer | Checksum: a2c33e16

Time (s): cpu = 00:00:42 ; elapsed = 00:00:38 . Memory (MB): peak = 1705.055 ; gain = 9.551

Phase 2.2 Fix Topology Constraints
Phase 2.2 Fix Topology Constraints | Checksum: a2c33e16

Time (s): cpu = 00:00:42 ; elapsed = 00:00:38 . Memory (MB): peak = 1712.328 ; gain = 16.824

Phase 2.3 Pre Route Cleanup
Phase 2.3 Pre Route Cleanup | Checksum: a2c33e16

Time (s): cpu = 00:00:42 ; elapsed = 00:00:38 . Memory (MB): peak = 1712.328 ; gain = 16.824
 Number of Nodes with overlaps = 0

Phase 2.4 Update Timing
Phase 2.4 Update Timing | Checksum: 187084373

Time (s): cpu = 00:00:43 ; elapsed = 00:00:39 . Memory (MB): peak = 1727.383 ; gain = 31.879
INFO: [Route 35-416] Intermediate Timing Summary | WNS=19.614 | TNS=0.000  | WHS=-0.358 | THS=-29.651|

Phase 2 Router Initialization | Checksum: 1ddc77606

Time (s): cpu = 00:00:44 ; elapsed = 00:00:39 . Memory (MB): peak = 1728.129 ; gain = 32.625

Router Utilization Summary
  Global Vertical Routing Utilization    = 0 %
  Global Horizontal Routing Utilization  = 0 %
  Routable Net Status*
  *Does not include unroutable nets such as driverless and loadless.
  Run report_route_status for detailed report.
  Number of Failed Nets               = 1369
    (Failed Nets is the sum of unrouted and partially routed nets)
  Number of Unrouted Nets             = 1369
  Number of Partially Routed Nets     = 0
  Number of Node Overlaps             = 0


Phase 3 Initial Routing
Phase 3 Initial Routing | Checksum: 151f6553c

Time (s): cpu = 00:00:45 ; elapsed = 00:00:40 . Memory (MB): peak = 1730.883 ; gain = 35.379

Phase 4 Rip-up And Reroute

Phase 4.1 Global Iteration 0
 Number of Nodes with overlaps = 199
 Number of Nodes with overlaps = 0
INFO: [Route 35-416] Intermediate Timing Summary | WNS=16.511 | TNS=0.000  | WHS=N/A    | THS=N/A    |

Phase 4.1 Global Iteration 0 | Checksum: 1491faf9f

Time (s): cpu = 00:00:46 ; elapsed = 00:00:40 . Memory (MB): peak = 1730.883 ; gain = 35.379

Phase 4.2 Global Iteration 1
 Number of Nodes with overlaps = 1
 Number of Nodes with overlaps = 0
INFO: [Route 35-416] Intermediate Timing Summary | WNS=16.511 | TNS=0.000  | WHS=N/A    | THS=N/A    |

Phase 4.2 Global Iteration 1 | Checksum: 25f8dbf2c

Time (s): cpu = 00:00:46 ; elapsed = 00:00:40 . Memory (MB): peak = 1730.883 ; gain = 35.379
Phase 4 Rip-up And Reroute | Checksum: 25f8dbf2c

Time (s): cpu = 00:00:46 ; elapsed = 00:00:41 . Memory (MB): peak = 1730.883 ; gain = 35.379

Phase 5 Delay and Skew Optimization

Phase 5.1 Delay CleanUp
Phase 5.1 Delay CleanUp | Checksum: 25f8dbf2c

Time (s): cpu = 00:00:46 ; elapsed = 00:00:41 . Memory (MB): peak = 1730.883 ; gain = 35.379

Phase 5.2 Clock Skew Optimization
Phase 5.2 Clock Skew Optimization | Checksum: 25f8dbf2c

Time (s): cpu = 00:00:46 ; elapsed = 00:00:41 . Memory (MB): peak = 1730.883 ; gain = 35.379
Phase 5 Delay and Skew Optimization | Checksum: 25f8dbf2c

Time (s): cpu = 00:00:46 ; elapsed = 00:00:41 . Memory (MB): peak = 1730.883 ; gain = 35.379

Phase 6 Post Hold Fix

Phase 6.1 Hold Fix Iter

Phase 6.1.1 Update Timing
Phase 6.1.1 Update Timing | Checksum: 27e03d991

Time (s): cpu = 00:00:46 ; elapsed = 00:00:41 . Memory (MB): peak = 1730.883 ; gain = 35.379
INFO: [Route 35-416] Intermediate Timing Summary | WNS=16.626 | TNS=0.000  | WHS=0.057  | THS=0.000  |

Phase 6.1 Hold Fix Iter | Checksum: 27bd03db9

Time (s): cpu = 00:00:46 ; elapsed = 00:00:41 . Memory (MB): peak = 1730.883 ; gain = 35.379
Phase 6 Post Hold Fix | Checksum: 27bd03db9

Time (s): cpu = 00:00:46 ; elapsed = 00:00:41 . Memory (MB): peak = 1730.883 ; gain = 35.379

Phase 7 Route finalize

Router Utilization Summary
  Global Vertical Routing Utilization    = 0.453402 %
  Global Horizontal Routing Utilization  = 0.36359 %
  Routable Net Status*
  *Does not include unroutable nets such as driverless and loadless.
  Run report_route_status for detailed report.
  Number of Failed Nets               = 0
    (Failed Nets is the sum of unrouted and partially routed nets)
  Number of Unrouted Nets             = 0
  Number of Partially Routed Nets     = 0
  Number of Node Overlaps             = 0

Phase 7 Route finalize | Checksum: 219b0d5b8

Time (s): cpu = 00:00:46 ; elapsed = 00:00:41 . Memory (MB): peak = 1730.883 ; gain = 35.379

Phase 8 Verifying routed nets

 Verification completed successfully
Phase 8 Verifying routed nets | Checksum: 219b0d5b8

Time (s): cpu = 00:00:46 ; elapsed = 00:00:41 . Memory (MB): peak = 1732.895 ; gain = 37.391

Phase 9 Depositing Routes
Phase 9 Depositing Routes | Checksum: 197847cd8

Time (s): cpu = 00:00:47 ; elapsed = 00:00:41 . Memory (MB): peak = 1732.895 ; gain = 37.391

Phase 10 Post Router Timing
INFO: [Route 35-57] Estimated Timing Summary | WNS=16.626 | TNS=0.000  | WHS=0.057  | THS=0.000  |

INFO: [Route 35-327] The final timing numbers are based on the router estimated timing analysis. For a complete and accurate timing signoff, please run report_timing_summary.
Phase 10 Post Router Timing | Checksum: 197847cd8

Time (s): cpu = 00:00:47 ; elapsed = 00:00:41 . Memory (MB): peak = 1732.895 ; gain = 37.391
INFO: [Route 35-16] Router Completed Successfully

Time (s): cpu = 00:00:47 ; elapsed = 00:00:41 . Memory (MB): peak = 1732.895 ; gain = 37.391

Routing Is Done.
INFO: [Common 17-83] Releasing license: Implementation
80 Infos, 0 Warnings, 0 Critical Warnings and 0 Errors encountered.
route_design completed successfully
route_design: Time (s): cpu = 00:00:50 ; elapsed = 00:00:43 . Memory (MB): peak = 1732.895 ; gain = 37.391
Netlist sorting complete. Time (s): cpu = 00:00:00 ; elapsed = 00:00:00.003 . Memory (MB): peak = 1732.895 ; gain = 0.000
INFO: [Timing 38-480] Writing timing data to binary archive.
Writing placer database...
Writing XDEF routing.
Writing XDEF routing logical nets.
Writing XDEF routing special nets.
Write XDEF Complete: Time (s): cpu = 00:00:01 ; elapsed = 00:00:00.429 . Memory (MB): peak = 1751.688 ; gain = 18.793
INFO: [Common 17-1381] The checkpoint 'C:/Users/REV/VivadoProjects/DTW_8F_32bit_256x256/DTW.runs/impl_1/dtw_8F_32bit_256x256_routed.dcp' has been generated.
INFO: [runtcl-4] Executing : report_drc -file dtw_8F_32bit_256x256_drc_routed.rpt -pb dtw_8F_32bit_256x256_drc_routed.pb -rpx dtw_8F_32bit_256x256_drc_routed.rpx
Command: report_drc -file dtw_8F_32bit_256x256_drc_routed.rpt -pb dtw_8F_32bit_256x256_drc_routed.pb -rpx dtw_8F_32bit_256x256_drc_routed.rpx
INFO: [IP_Flow 19-1839] IP Catalog is up to date.
INFO: [DRC 23-27] Running DRC with 2 threads
INFO: [Coretcl 2-168] The results of DRC are in file C:/Users/REV/VivadoProjects/DTW_8F_32bit_256x256/DTW.runs/impl_1/dtw_8F_32bit_256x256_drc_routed.rpt.
report_drc completed successfully
INFO: [runtcl-4] Executing : report_methodology -file dtw_8F_32bit_256x256_methodology_drc_routed.rpt -pb dtw_8F_32bit_256x256_methodology_drc_routed.pb -rpx dtw_8F_32bit_256x256_methodology_drc_routed.rpx
Command: report_methodology -file dtw_8F_32bit_256x256_methodology_drc_routed.rpt -pb dtw_8F_32bit_256x256_methodology_drc_routed.pb -rpx dtw_8F_32bit_256x256_methodology_drc_routed.rpx
INFO: [Timing 38-35] Done setting XDC timing constraints.
INFO: [DRC 23-133] Running Methodology with 2 threads
INFO: [Coretcl 2-1520] The results of Report Methodology are in file C:/Users/REV/VivadoProjects/DTW_8F_32bit_256x256/DTW.runs/impl_1/dtw_8F_32bit_256x256_methodology_drc_routed.rpt.
report_methodology completed successfully
INFO: [runtcl-4] Executing : report_power -file dtw_8F_32bit_256x256_power_routed.rpt -pb dtw_8F_32bit_256x256_power_summary_routed.pb -rpx dtw_8F_32bit_256x256_power_routed.rpx
Command: report_power -file dtw_8F_32bit_256x256_power_routed.rpt -pb dtw_8F_32bit_256x256_power_summary_routed.pb -rpx dtw_8F_32bit_256x256_power_routed.rpx
INFO: [Timing 38-35] Done setting XDC timing constraints.
Running Vector-less Activity Propagation...

Finished Running Vector-less Activity Propagation
92 Infos, 0 Warnings, 0 Critical Warnings and 0 Errors encountered.
report_power completed successfully
INFO: [runtcl-4] Executing : report_route_status -file dtw_8F_32bit_256x256_route_status.rpt -pb dtw_8F_32bit_256x256_route_status.pb
INFO: [runtcl-4] Executing : report_timing_summary -max_paths 10 -file dtw_8F_32bit_256x256_timing_summary_routed.rpt -pb dtw_8F_32bit_256x256_timing_summary_routed.pb -rpx dtw_8F_32bit_256x256_timing_summary_routed.rpx -warn_on_violation 
INFO: [Timing 38-91] UpdateTimingParams: Speed grade: -1, Delay Type: min_max.
INFO: [Timing 38-191] Multithreading enabled for timing update using a maximum of 2 CPUs
INFO: [runtcl-4] Executing : report_incremental_reuse -file dtw_8F_32bit_256x256_incremental_reuse_routed.rpt
INFO: [Vivado_Tcl 4-1062] Incremental flow is disabled. No incremental reuse Info to report.
INFO: [runtcl-4] Executing : report_clock_utilization -file dtw_8F_32bit_256x256_clock_utilization_routed.rpt
INFO: [runtcl-4] Executing : report_bus_skew -warn_on_violation -file dtw_8F_32bit_256x256_bus_skew_routed.rpt -pb dtw_8F_32bit_256x256_bus_skew_routed.pb -rpx dtw_8F_32bit_256x256_bus_skew_routed.rpx
INFO: [Timing 38-91] UpdateTimingParams: Speed grade: -1, Delay Type: min_max.
INFO: [Timing 38-191] Multithreading enabled for timing update using a maximum of 2 CPUs
INFO: [Common 17-206] Exiting Vivado at Sat Jul 18 16:19:54 2020...
