INFO: [VRFC 10-2263] Analyzing Verilog file "C:/Users/REV/VivadoProjects/DWT_4F_32bit_256x256/DWT.sim/sim_1/impl/func/xsim/dwt_4F_32bit_256x256_tb_func_impl.v" into library xil_defaultlib
INFO: [VRFC 10-311] analyzing module blk_mem_gen_32x256
INFO: [VRFC 10-311] analyzing module blk_mem_gen_32x256_HD43
INFO: [VRFC 10-311] analyzing module blk_mem_gen_dual_256x16
INFO: [VRFC 10-311] analyzing module blk_mem_gen_dual_256x16_HD2
INFO: [VRFC 10-311] analyzing module cordic_0
INFO: [VRFC 10-311] analyzing module dtw_value_comp
INFO: [VRFC 10-311] analyzing module dwt_4F_32bit_256x256
INFO: [VRFC 10-311] analyzing module dwt_matrix_memory
INFO: [VRFC 10-311] analyzing module euclidean_distance_4F_32bit
INFO: [VRFC 10-311] analyzing module memory_address_generator
INFO: [VRFC 10-311] analyzing module memory_en_controller
INFO: [VRFC 10-311] analyzing module minimum_of_3_vector
INFO: [VRFC 10-311] analyzing module temp_test_memory
INFO: [VRFC 10-311] analyzing module xbip_dsp48_macro_0
INFO: [VRFC 10-311] analyzing module xbip_dsp48_macro_0_HD12
INFO: [VRFC 10-311] analyzing module xbip_dsp48_macro_0_HD22
INFO: [VRFC 10-311] analyzing module xbip_dsp48_macro_0_HD32
INFO: [VRFC 10-311] analyzing module blk_mem_gen_32x256_blk_mem_gen_generic_cstr
INFO: [VRFC 10-311] analyzing module blk_mem_gen_32x256_blk_mem_gen_generic_cstr_HD47
INFO: [VRFC 10-311] analyzing module blk_mem_gen_32x256_blk_mem_gen_prim_width
INFO: [VRFC 10-311] analyzing module blk_mem_gen_32x256_blk_mem_gen_prim_width_HD48
INFO: [VRFC 10-311] analyzing module blk_mem_gen_32x256_blk_mem_gen_prim_wrapper
INFO: [VRFC 10-311] analyzing module blk_mem_gen_32x256_blk_mem_gen_prim_wrapper_HD49
INFO: [VRFC 10-311] analyzing module blk_mem_gen_32x256_blk_mem_gen_top
INFO: [VRFC 10-311] analyzing module blk_mem_gen_32x256_blk_mem_gen_top_HD46
INFO: [VRFC 10-311] analyzing module blk_mem_gen_32x256_blk_mem_gen_v8_4_3
INFO: [VRFC 10-311] analyzing module blk_mem_gen_32x256_blk_mem_gen_v8_4_3_HD44
INFO: [VRFC 10-311] analyzing module blk_mem_gen_32x256_blk_mem_gen_v8_4_3_synth
INFO: [VRFC 10-311] analyzing module blk_mem_gen_32x256_blk_mem_gen_v8_4_3_synth_HD45
INFO: [VRFC 10-311] analyzing module blk_mem_gen_dual_256x16_blk_mem_gen_generic_cstr
INFO: [VRFC 10-311] analyzing module blk_mem_gen_dual_256x16_blk_mem_gen_generic_cstr_HD6
INFO: [VRFC 10-311] analyzing module blk_mem_gen_dual_256x16_blk_mem_gen_prim_width
INFO: [VRFC 10-311] analyzing module blk_mem_gen_dual_256x16_blk_mem_gen_prim_width_HD7
INFO: [VRFC 10-311] analyzing module blk_mem_gen_dual_256x16_blk_mem_gen_prim_wrapper
INFO: [VRFC 10-311] analyzing module blk_mem_gen_dual_256x16_blk_mem_gen_prim_wrapper_HD8
INFO: [VRFC 10-311] analyzing module blk_mem_gen_dual_256x16_blk_mem_gen_top
INFO: [VRFC 10-311] analyzing module blk_mem_gen_dual_256x16_blk_mem_gen_top_HD5
INFO: [VRFC 10-311] analyzing module blk_mem_gen_dual_256x16_blk_mem_gen_v8_4_3
INFO: [VRFC 10-311] analyzing module blk_mem_gen_dual_256x16_blk_mem_gen_v8_4_3_HD3
INFO: [VRFC 10-311] analyzing module blk_mem_gen_dual_256x16_blk_mem_gen_v8_4_3_synth
INFO: [VRFC 10-311] analyzing module blk_mem_gen_dual_256x16_blk_mem_gen_v8_4_3_synth_HD4
INFO: [VRFC 10-311] analyzing module cordic_0__cordic_v6_0_15
INFO: [VRFC 10-311] analyzing module xbip_dsp48_macro_0_xbip_dsp48_macro_v3_0_17
INFO: [VRFC 10-311] analyzing module xbip_dsp48_macro_0_xbip_dsp48_macro_v3_0_17_HD13
INFO: [VRFC 10-311] analyzing module xbip_dsp48_macro_0_xbip_dsp48_macro_v3_0_17_HD23
INFO: [VRFC 10-311] analyzing module xbip_dsp48_macro_0_xbip_dsp48_macro_v3_0_17_HD33
INFO: [VRFC 10-311] analyzing module cordic_0__addsub
INFO: [VRFC 10-311] analyzing module cordic_0__addsub__parameterized1
INFO: [VRFC 10-311] analyzing module cordic_0__addsub__parameterized11
INFO: [VRFC 10-311] analyzing module cordic_0__addsub__parameterized13
INFO: [VRFC 10-311] analyzing module cordic_0__addsub__parameterized15
INFO: [VRFC 10-311] analyzing module cordic_0__addsub__parameterized17
INFO: [VRFC 10-311] analyzing module cordic_0__addsub__parameterized19
INFO: [VRFC 10-311] analyzing module cordic_0__addsub__parameterized21
INFO: [VRFC 10-311] analyzing module cordic_0__addsub__parameterized23
INFO: [VRFC 10-311] analyzing module cordic_0__addsub__parameterized25
INFO: [VRFC 10-311] analyzing module cordic_0__addsub__parameterized27
INFO: [VRFC 10-311] analyzing module cordic_0__addsub__parameterized29
INFO: [VRFC 10-311] analyzing module cordic_0__addsub__parameterized3
INFO: [VRFC 10-311] analyzing module cordic_0__addsub__parameterized31
INFO: [VRFC 10-311] analyzing module cordic_0__addsub__parameterized5
INFO: [VRFC 10-311] analyzing module cordic_0__addsub__parameterized7
INFO: [VRFC 10-311] analyzing module cordic_0__addsub__parameterized9
INFO: [VRFC 10-311] analyzing module cordic_0__c_addsub_v12_0_13_fabric_legacy
INFO: [VRFC 10-311] analyzing module cordic_0__c_addsub_v12_0_13_fabric_legacy__parameterized1
INFO: [VRFC 10-311] analyzing module cordic_0__c_addsub_v12_0_13_fabric_legacy__parameterized11
INFO: [VRFC 10-311] analyzing module cordic_0__c_addsub_v12_0_13_fabric_legacy__parameterized13
INFO: [VRFC 10-311] analyzing module cordic_0__c_addsub_v12_0_13_fabric_legacy__parameterized15
INFO: [VRFC 10-311] analyzing module cordic_0__c_addsub_v12_0_13_fabric_legacy__parameterized17
INFO: [VRFC 10-311] analyzing module cordic_0__c_addsub_v12_0_13_fabric_legacy__parameterized19
INFO: [VRFC 10-311] analyzing module cordic_0__c_addsub_v12_0_13_fabric_legacy__parameterized21
INFO: [VRFC 10-311] analyzing module cordic_0__c_addsub_v12_0_13_fabric_legacy__parameterized25
INFO: [VRFC 10-311] analyzing module cordic_0__c_addsub_v12_0_13_fabric_legacy__parameterized29
INFO: [VRFC 10-311] analyzing module cordic_0__c_addsub_v12_0_13_fabric_legacy__parameterized3
INFO: [VRFC 10-311] analyzing module cordic_0__c_addsub_v12_0_13_fabric_legacy__parameterized31
INFO: [VRFC 10-311] analyzing module cordic_0__c_addsub_v12_0_13_fabric_legacy__parameterized5
INFO: [VRFC 10-311] analyzing module cordic_0__c_addsub_v12_0_13_fabric_legacy__parameterized7
INFO: [VRFC 10-311] analyzing module cordic_0__c_addsub_v12_0_13_fabric_legacy__parameterized9
INFO: [VRFC 10-311] analyzing module cordic_0__c_addsub_v12_0_13_legacy
INFO: [VRFC 10-311] analyzing module cordic_0__c_addsub_v12_0_13_legacy__parameterized1
INFO: [VRFC 10-311] analyzing module cordic_0__c_addsub_v12_0_13_legacy__parameterized11
INFO: [VRFC 10-311] analyzing module cordic_0__c_addsub_v12_0_13_legacy__parameterized13
INFO: [VRFC 10-311] analyzing module cordic_0__c_addsub_v12_0_13_legacy__parameterized15
INFO: [VRFC 10-311] analyzing module cordic_0__c_addsub_v12_0_13_legacy__parameterized17
INFO: [VRFC 10-311] analyzing module cordic_0__c_addsub_v12_0_13_legacy__parameterized19
INFO: [VRFC 10-311] analyzing module cordic_0__c_addsub_v12_0_13_legacy__parameterized21
INFO: [VRFC 10-311] analyzing module cordic_0__c_addsub_v12_0_13_legacy__parameterized25
INFO: [VRFC 10-311] analyzing module cordic_0__c_addsub_v12_0_13_legacy__parameterized29
INFO: [VRFC 10-311] analyzing module cordic_0__c_addsub_v12_0_13_legacy__parameterized3
INFO: [VRFC 10-311] analyzing module cordic_0__c_addsub_v12_0_13_legacy__parameterized31
INFO: [VRFC 10-311] analyzing module cordic_0__c_addsub_v12_0_13_legacy__parameterized5
INFO: [VRFC 10-311] analyzing module cordic_0__c_addsub_v12_0_13_legacy__parameterized7
INFO: [VRFC 10-311] analyzing module cordic_0__c_addsub_v12_0_13_legacy__parameterized9
INFO: [VRFC 10-311] analyzing module cordic_0__c_addsub_v12_0_13_lut6_legacy
INFO: [VRFC 10-311] analyzing module cordic_0__c_addsub_v12_0_13_lut6_legacy__parameterized1
INFO: [VRFC 10-311] analyzing module cordic_0__c_addsub_v12_0_13_lut6_legacy__parameterized11
INFO: [VRFC 10-311] analyzing module cordic_0__c_addsub_v12_0_13_lut6_legacy__parameterized13
INFO: [VRFC 10-311] analyzing module cordic_0__c_addsub_v12_0_13_lut6_legacy__parameterized15
INFO: [VRFC 10-311] analyzing module cordic_0__c_addsub_v12_0_13_lut6_legacy__parameterized17
INFO: [VRFC 10-311] analyzing module cordic_0__c_addsub_v12_0_13_lut6_legacy__parameterized19
INFO: [VRFC 10-311] analyzing module cordic_0__c_addsub_v12_0_13_lut6_legacy__parameterized21
INFO: [VRFC 10-311] analyzing module cordic_0__c_addsub_v12_0_13_lut6_legacy__parameterized25
INFO: [VRFC 10-311] analyzing module cordic_0__c_addsub_v12_0_13_lut6_legacy__parameterized29
INFO: [VRFC 10-311] analyzing module cordic_0__c_addsub_v12_0_13_lut6_legacy__parameterized3
INFO: [VRFC 10-311] analyzing module cordic_0__c_addsub_v12_0_13_lut6_legacy__parameterized31
INFO: [VRFC 10-311] analyzing module cordic_0__c_addsub_v12_0_13_lut6_legacy__parameterized5
INFO: [VRFC 10-311] analyzing module cordic_0__c_addsub_v12_0_13_lut6_legacy__parameterized7
INFO: [VRFC 10-311] analyzing module cordic_0__c_addsub_v12_0_13_lut6_legacy__parameterized9
INFO: [VRFC 10-311] analyzing module cordic_0__c_addsub_v12_0_13_viv
INFO: [VRFC 10-311] analyzing module cordic_0__c_addsub_v12_0_13_viv__parameterized1
INFO: [VRFC 10-311] analyzing module cordic_0__c_addsub_v12_0_13_viv__parameterized11
INFO: [VRFC 10-311] analyzing module cordic_0__c_addsub_v12_0_13_viv__parameterized13
INFO: [VRFC 10-311] analyzing module cordic_0__c_addsub_v12_0_13_viv__parameterized15
INFO: [VRFC 10-311] analyzing module cordic_0__c_addsub_v12_0_13_viv__parameterized17
INFO: [VRFC 10-311] analyzing module cordic_0__c_addsub_v12_0_13_viv__parameterized19
INFO: [VRFC 10-311] analyzing module cordic_0__c_addsub_v12_0_13_viv__parameterized21
INFO: [VRFC 10-311] analyzing module cordic_0__c_addsub_v12_0_13_viv__parameterized25
INFO: [VRFC 10-311] analyzing module cordic_0__c_addsub_v12_0_13_viv__parameterized29
INFO: [VRFC 10-311] analyzing module cordic_0__c_addsub_v12_0_13_viv__parameterized3
INFO: [VRFC 10-311] analyzing module cordic_0__c_addsub_v12_0_13_viv__parameterized31
INFO: [VRFC 10-311] analyzing module cordic_0__c_addsub_v12_0_13_viv__parameterized5
INFO: [VRFC 10-311] analyzing module cordic_0__c_addsub_v12_0_13_viv__parameterized7
INFO: [VRFC 10-311] analyzing module cordic_0__c_addsub_v12_0_13_viv__parameterized9
INFO: [VRFC 10-311] analyzing module cordic_0__cordic_sqrt
INFO: [VRFC 10-311] analyzing module cordic_0__cordic_sqrt_mod
INFO: [VRFC 10-311] analyzing module cordic_0__cordic_sqrt_mod__parameterized1
INFO: [VRFC 10-311] analyzing module cordic_0__cordic_sqrt_mod__parameterized11
INFO: [VRFC 10-311] analyzing module cordic_0__cordic_sqrt_mod__parameterized13
INFO: [VRFC 10-311] analyzing module cordic_0__cordic_sqrt_mod__parameterized15
INFO: [VRFC 10-311] analyzing module cordic_0__cordic_sqrt_mod__parameterized17
INFO: [VRFC 10-311] analyzing module cordic_0__cordic_sqrt_mod__parameterized19
INFO: [VRFC 10-311] analyzing module cordic_0__cordic_sqrt_mod__parameterized21
INFO: [VRFC 10-311] analyzing module cordic_0__cordic_sqrt_mod__parameterized23
INFO: [VRFC 10-311] analyzing module cordic_0__cordic_sqrt_mod__parameterized25
INFO: [VRFC 10-311] analyzing module cordic_0__cordic_sqrt_mod__parameterized27
INFO: [VRFC 10-311] analyzing module cordic_0__cordic_sqrt_mod__parameterized29
INFO: [VRFC 10-311] analyzing module cordic_0__cordic_sqrt_mod__parameterized3
INFO: [VRFC 10-311] analyzing module cordic_0__cordic_sqrt_mod__parameterized5
INFO: [VRFC 10-311] analyzing module cordic_0__cordic_sqrt_mod__parameterized7
INFO: [VRFC 10-311] analyzing module cordic_0__cordic_sqrt_mod__parameterized9
INFO: [VRFC 10-311] analyzing module cordic_0__cordic_v6_0_15_synth
INFO: [VRFC 10-311] analyzing module cordic_0__cordic_v6_0_15_viv
INFO: [VRFC 10-311] analyzing module xbip_dsp48_macro_0_xbip_dsp48_macro_synth
INFO: [VRFC 10-311] analyzing module xbip_dsp48_macro_0_xbip_dsp48_macro_synth_HD15
INFO: [VRFC 10-311] analyzing module xbip_dsp48_macro_0_xbip_dsp48_macro_synth_HD25
INFO: [VRFC 10-311] analyzing module xbip_dsp48_macro_0_xbip_dsp48_macro_synth_HD35
INFO: [VRFC 10-311] analyzing module xbip_dsp48_macro_0_xbip_dsp48_macro_v3_0_17_viv
INFO: [VRFC 10-311] analyzing module xbip_dsp48_macro_0_xbip_dsp48_macro_v3_0_17_viv_HD14
INFO: [VRFC 10-311] analyzing module xbip_dsp48_macro_0_xbip_dsp48_macro_v3_0_17_viv_HD24
INFO: [VRFC 10-311] analyzing module xbip_dsp48_macro_0_xbip_dsp48_macro_v3_0_17_viv_HD34
INFO: [VRFC 10-311] analyzing module xbip_dsp48_macro_0_xbip_dsp48e1_wrapper_v3_0
INFO: [VRFC 10-311] analyzing module xbip_dsp48_macro_0_xbip_dsp48e1_wrapper_v3_0_HD21
INFO: [VRFC 10-311] analyzing module xbip_dsp48_macro_0_xbip_dsp48e1_wrapper_v3_0_HD31
INFO: [VRFC 10-311] analyzing module xbip_dsp48_macro_0_xbip_dsp48e1_wrapper_v3_0_HD41
INFO: [VRFC 10-311] analyzing module xbip_dsp48_macro_0_xbip_pipe_v3_0_6_viv__parameterized3
INFO: [VRFC 10-311] analyzing module xbip_dsp48_macro_0_xbip_pipe_v3_0_6_viv__parameterized3_1
INFO: [VRFC 10-311] analyzing module xbip_dsp48_macro_0_xbip_pipe_v3_0_6_viv__parameterized3_1_HD20
INFO: [VRFC 10-311] analyzing module xbip_dsp48_macro_0_xbip_pipe_v3_0_6_viv__parameterized3_1_HD30
INFO: [VRFC 10-311] analyzing module xbip_dsp48_macro_0_xbip_pipe_v3_0_6_viv__parameterized3_1_HD40
INFO: [VRFC 10-311] analyzing module xbip_dsp48_macro_0_xbip_pipe_v3_0_6_viv__parameterized3_HD19
INFO: [VRFC 10-311] analyzing module xbip_dsp48_macro_0_xbip_pipe_v3_0_6_viv__parameterized3_HD29
INFO: [VRFC 10-311] analyzing module xbip_dsp48_macro_0_xbip_pipe_v3_0_6_viv__parameterized3_HD39
INFO: [VRFC 10-311] analyzing module xbip_dsp48_macro_0_xbip_pipe_v3_0_6_viv__parameterized5_0
INFO: [VRFC 10-311] analyzing module glbl
INFO: [VRFC 10-2263] Analyzing Verilog file "C:/Users/REV/VivadoProjects/DWT_4F_32bit_256x256/DWT.srcs/sim_1/new/dwt_4F_32bit_256x256_tb.v" into library xil_defaultlib
INFO: [VRFC 10-311] analyzing module dwt_4F_32bit_256x256_tb
